SF:C:\Users\marius\source\web\floudy_full\Floudy_API\Floudy_API\obj\Debug\net10.0\Microsoft.AspNetCore.OpenApi.SourceGenerators\Microsoft.AspNetCore.OpenApi.SourceGenerators.XmlCommentGenerator\OpenApiXmlCommentSupport.generated.cs
FN:46,System.String Microsoft.AspNetCore.OpenApi.Generated.<OpenApiXmlCommentSupport_generated>FC3EB2812C831F797DED128AB1C3A34AA5E8E57C97A42617581E5B2E0A7E83F00__XmlComment::get_Summary()
FNDA:0,System.String Microsoft.AspNetCore.OpenApi.Generated.<OpenApiXmlCommentSupport_generated>FC3EB2812C831F797DED128AB1C3A34AA5E8E57C97A42617581E5B2E0A7E83F00__XmlComment::get_Summary()
DA:47,0
FN:47,System.String Microsoft.AspNetCore.OpenApi.Generated.<OpenApiXmlCommentSupport_generated>FC3EB2812C831F797DED128AB1C3A34AA5E8E57C97A42617581E5B2E0A7E83F00__XmlComment::get_Description()
FNDA:0,System.String Microsoft.AspNetCore.OpenApi.Generated.<OpenApiXmlCommentSupport_generated>FC3EB2812C831F797DED128AB1C3A34AA5E8E57C97A42617581E5B2E0A7E83F00__XmlComment::get_Description()
DA:48,0
FN:48,System.String Microsoft.AspNetCore.OpenApi.Generated.<OpenApiXmlCommentSupport_generated>FC3EB2812C831F797DED128AB1C3A34AA5E8E57C97A42617581E5B2E0A7E83F00__XmlComment::get_Remarks()
FNDA:0,System.String Microsoft.AspNetCore.OpenApi.Generated.<OpenApiXmlCommentSupport_generated>FC3EB2812C831F797DED128AB1C3A34AA5E8E57C97A42617581E5B2E0A7E83F00__XmlComment::get_Remarks()
DA:49,0
FN:49,System.String Microsoft.AspNetCore.OpenApi.Generated.<OpenApiXmlCommentSupport_generated>FC3EB2812C831F797DED128AB1C3A34AA5E8E57C97A42617581E5B2E0A7E83F00__XmlComment::get_Returns()
FNDA:0,System.String Microsoft.AspNetCore.OpenApi.Generated.<OpenApiXmlCommentSupport_generated>FC3EB2812C831F797DED128AB1C3A34AA5E8E57C97A42617581E5B2E0A7E83F00__XmlComment::get_Returns()
DA:50,0
FN:50,System.String Microsoft.AspNetCore.OpenApi.Generated.<OpenApiXmlCommentSupport_generated>FC3EB2812C831F797DED128AB1C3A34AA5E8E57C97A42617581E5B2E0A7E83F00__XmlComment::get_Value()
FNDA:0,System.String Microsoft.AspNetCore.OpenApi.Generated.<OpenApiXmlCommentSupport_generated>FC3EB2812C831F797DED128AB1C3A34AA5E8E57C97A42617581E5B2E0A7E83F00__XmlComment::get_Value()
DA:51,0
FN:51,System.Boolean Microsoft.AspNetCore.OpenApi.Generated.<OpenApiXmlCommentSupport_generated>FC3EB2812C831F797DED128AB1C3A34AA5E8E57C97A42617581E5B2E0A7E83F00__XmlComment::get_Deprecated()
FNDA:0,System.Boolean Microsoft.AspNetCore.OpenApi.Generated.<OpenApiXmlCommentSupport_generated>FC3EB2812C831F797DED128AB1C3A34AA5E8E57C97A42617581E5B2E0A7E83F00__XmlComment::get_Deprecated()
DA:52,0
FN:52,System.Collections.Generic.List`1<System.String> Microsoft.AspNetCore.OpenApi.Generated.<OpenApiXmlCommentSupport_generated>FC3EB2812C831F797DED128AB1C3A34AA5E8E57C97A42617581E5B2E0A7E83F00__XmlComment::get_Examples()
FNDA:0,System.Collections.Generic.List`1<System.String> Microsoft.AspNetCore.OpenApi.Generated.<OpenApiXmlCommentSupport_generated>FC3EB2812C831F797DED128AB1C3A34AA5E8E57C97A42617581E5B2E0A7E83F00__XmlComment::get_Examples()
DA:53,0
FN:53,System.Collections.Generic.List`1<Microsoft.AspNetCore.OpenApi.Generated.<OpenApiXmlCommentSupport_generated>FC3EB2812C831F797DED128AB1C3A34AA5E8E57C97A42617581E5B2E0A7E83F00__XmlParameterComment> Microsoft.AspNetCore.OpenApi.Generated.<OpenApiXmlCommentSupport_generated>FC3EB2812C831F797DED128AB1C3A34AA5E8E57C97A42617581E5B2E0A7E83F00__XmlComment::get_Parameters()
FNDA:0,System.Collections.Generic.List`1<Microsoft.AspNetCore.OpenApi.Generated.<OpenApiXmlCommentSupport_generated>FC3EB2812C831F797DED128AB1C3A34AA5E8E57C97A42617581E5B2E0A7E83F00__XmlParameterComment> Microsoft.AspNetCore.OpenApi.Generated.<OpenApiXmlCommentSupport_generated>FC3EB2812C831F797DED128AB1C3A34AA5E8E57C97A42617581E5B2E0A7E83F00__XmlComment::get_Parameters()
DA:54,0
FN:54,System.Collections.Generic.List`1<Microsoft.AspNetCore.OpenApi.Generated.<OpenApiXmlCommentSupport_generated>FC3EB2812C831F797DED128AB1C3A34AA5E8E57C97A42617581E5B2E0A7E83F00__XmlResponseComment> Microsoft.AspNetCore.OpenApi.Generated.<OpenApiXmlCommentSupport_generated>FC3EB2812C831F797DED128AB1C3A34AA5E8E57C97A42617581E5B2E0A7E83F00__XmlComment::get_Responses()
FNDA:0,System.Collections.Generic.List`1<Microsoft.AspNetCore.OpenApi.Generated.<OpenApiXmlCommentSupport_generated>FC3EB2812C831F797DED128AB1C3A34AA5E8E57C97A42617581E5B2E0A7E83F00__XmlResponseComment> Microsoft.AspNetCore.OpenApi.Generated.<OpenApiXmlCommentSupport_generated>FC3EB2812C831F797DED128AB1C3A34AA5E8E57C97A42617581E5B2E0A7E83F00__XmlComment::get_Responses()
DA:55,0
FN:45,System.Void Microsoft.AspNetCore.OpenApi.Generated.<OpenApiXmlCommentSupport_generated>FC3EB2812C831F797DED128AB1C3A34AA5E8E57C97A42617581E5B2E0A7E83F00__XmlComment::.ctor(System.String,System.String,System.String,System.String,System.String,System.Boolean,System.Collections.Generic.List`1<System.String>,System.Collections.Generic.List`1<Microsoft.AspNetCore.OpenApi.Generated.<OpenApiXmlCommentSupport_generated>FC3EB2812C831F797DED128AB1C3A34AA5E8E57C97A42617581E5B2E0A7E83F00__XmlParameterComment>,System.Collections.Generic.List`1<Microsoft.AspNetCore.OpenApi.Generated.<OpenApiXmlCommentSupport_generated>FC3EB2812C831F797DED128AB1C3A34AA5E8E57C97A42617581E5B2E0A7E83F00__XmlResponseComment>)
FNDA:0,System.Void Microsoft.AspNetCore.OpenApi.Generated.<OpenApiXmlCommentSupport_generated>FC3EB2812C831F797DED128AB1C3A34AA5E8E57C97A42617581E5B2E0A7E83F00__XmlComment::.ctor(System.String,System.String,System.String,System.String,System.String,System.Boolean,System.Collections.Generic.List`1<System.String>,System.Collections.Generic.List`1<Microsoft.AspNetCore.OpenApi.Generated.<OpenApiXmlCommentSupport_generated>FC3EB2812C831F797DED128AB1C3A34AA5E8E57C97A42617581E5B2E0A7E83F00__XmlParameterComment>,System.Collections.Generic.List`1<Microsoft.AspNetCore.OpenApi.Generated.<OpenApiXmlCommentSupport_generated>FC3EB2812C831F797DED128AB1C3A34AA5E8E57C97A42617581E5B2E0A7E83F00__XmlResponseComment>)
DA:46,0
FN:57,System.String Microsoft.AspNetCore.OpenApi.Generated.<OpenApiXmlCommentSupport_generated>FC3EB2812C831F797DED128AB1C3A34AA5E8E57C97A42617581E5B2E0A7E83F00__XmlParameterComment::get_Name()
FNDA:0,System.String Microsoft.AspNetCore.OpenApi.Generated.<OpenApiXmlCommentSupport_generated>FC3EB2812C831F797DED128AB1C3A34AA5E8E57C97A42617581E5B2E0A7E83F00__XmlParameterComment::get_Name()
DA:58,0
FN:60,System.String Microsoft.AspNetCore.OpenApi.Generated.<OpenApiXmlCommentSupport_generated>FC3EB2812C831F797DED128AB1C3A34AA5E8E57C97A42617581E5B2E0A7E83F00__XmlResponseComment::get_Code()
FNDA:0,System.String Microsoft.AspNetCore.OpenApi.Generated.<OpenApiXmlCommentSupport_generated>FC3EB2812C831F797DED128AB1C3A34AA5E8E57C97A42617581E5B2E0A7E83F00__XmlResponseComment::get_Code()
DA:61,0
FN:66,System.Collections.Generic.Dictionary`2<System.String,Microsoft.AspNetCore.OpenApi.Generated.<OpenApiXmlCommentSupport_generated>FC3EB2812C831F797DED128AB1C3A34AA5E8E57C97A42617581E5B2E0A7E83F00__XmlComment> Microsoft.AspNetCore.OpenApi.Generated.<OpenApiXmlCommentSupport_generated>FC3EB2812C831F797DED128AB1C3A34AA5E8E57C97A42617581E5B2E0A7E83F00__XmlCommentCache::get_Cache()
FNDA:0,System.Collections.Generic.Dictionary`2<System.String,Microsoft.AspNetCore.OpenApi.Generated.<OpenApiXmlCommentSupport_generated>FC3EB2812C831F797DED128AB1C3A34AA5E8E57C97A42617581E5B2E0A7E83F00__XmlComment> Microsoft.AspNetCore.OpenApi.Generated.<OpenApiXmlCommentSupport_generated>FC3EB2812C831F797DED128AB1C3A34AA5E8E57C97A42617581E5B2E0A7E83F00__XmlCommentCache::get_Cache()
DA:67,0
BRDA:67,6,0,0
BRDA:67,6,1,0
FN:69,System.Collections.Generic.Dictionary`2<System.String,Microsoft.AspNetCore.OpenApi.Generated.<OpenApiXmlCommentSupport_generated>FC3EB2812C831F797DED128AB1C3A34AA5E8E57C97A42617581E5B2E0A7E83F00__XmlComment> Microsoft.AspNetCore.OpenApi.Generated.<OpenApiXmlCommentSupport_generated>FC3EB2812C831F797DED128AB1C3A34AA5E8E57C97A42617581E5B2E0A7E83F00__XmlCommentCache::GenerateCacheEntries()
FNDA:0,System.Collections.Generic.Dictionary`2<System.String,Microsoft.AspNetCore.OpenApi.Generated.<OpenApiXmlCommentSupport_generated>FC3EB2812C831F797DED128AB1C3A34AA5E8E57C97A42617581E5B2E0A7E83F00__XmlComment> Microsoft.AspNetCore.OpenApi.Generated.<OpenApiXmlCommentSupport_generated>FC3EB2812C831F797DED128AB1C3A34AA5E8E57C97A42617581E5B2E0A7E83F00__XmlCommentCache::GenerateCacheEntries()
DA:70,0
DA:71,0
DA:74,0
DA:75,0
FN:85,System.String Microsoft.AspNetCore.OpenApi.Generated.<OpenApiXmlCommentSupport_generated>FC3EB2812C831F797DED128AB1C3A34AA5E8E57C97A42617581E5B2E0A7E83F00__DocumentationCommentIdHelper::CreateDocumentationId(System.Type)
FNDA:0,System.String Microsoft.AspNetCore.OpenApi.Generated.<OpenApiXmlCommentSupport_generated>FC3EB2812C831F797DED128AB1C3A34AA5E8E57C97A42617581E5B2E0A7E83F00__DocumentationCommentIdHelper::CreateDocumentationId(System.Type)
DA:86,0
DA:87,0
DA:88,0
DA:89,0
DA:92,0
DA:93,0
BRDA:87,10,0,0
BRDA:87,10,1,0
FN:99,System.String Microsoft.AspNetCore.OpenApi.Generated.<OpenApiXmlCommentSupport_generated>FC3EB2812C831F797DED128AB1C3A34AA5E8E57C97A42617581E5B2E0A7E83F00__DocumentationCommentIdHelper::CreateDocumentationId(System.Reflection.PropertyInfo)
FNDA:0,System.String Microsoft.AspNetCore.OpenApi.Generated.<OpenApiXmlCommentSupport_generated>FC3EB2812C831F797DED128AB1C3A34AA5E8E57C97A42617581E5B2E0A7E83F00__DocumentationCommentIdHelper::CreateDocumentationId(System.Reflection.PropertyInfo)
DA:100,0
DA:101,0
DA:102,0
DA:103,0
DA:106,0
DA:107,0
DA:109,0
DA:110,0
DA:111,0
DA:112,0
DA:114,0
DA:115,0
DA:118,0
DA:119,0
DA:120,0
DA:121,0
DA:122,0
DA:123,0
DA:124,0
DA:125,0
DA:126,0
DA:127,0
DA:129,0
DA:130,0
DA:131,0
DA:132,0
DA:134,0
DA:135,0
BRDA:101,10,0,0
BRDA:101,10,1,0
BRDA:109,56,0,0
BRDA:109,56,1,0
BRDA:119,118,0,0
BRDA:122,199,1,0
BRDA:124,145,0,0
BRDA:124,145,1,0
BRDA:122,199,0,0
BRDA:119,118,1,0
FN:141,System.String Microsoft.AspNetCore.OpenApi.Generated.<OpenApiXmlCommentSupport_generated>FC3EB2812C831F797DED128AB1C3A34AA5E8E57C97A42617581E5B2E0A7E83F00__DocumentationCommentIdHelper::CreateDocumentationId(System.Type,System.String)
FNDA:0,System.String Microsoft.AspNetCore.OpenApi.Generated.<OpenApiXmlCommentSupport_generated>FC3EB2812C831F797DED128AB1C3A34AA5E8E57C97A42617581E5B2E0A7E83F00__DocumentationCommentIdHelper::CreateDocumentationId(System.Type,System.String)
DA:142,0
DA:143,0
DA:144,0
DA:145,0
DA:147,0
DA:148,0
DA:149,0
DA:152,0
DA:153,0
DA:154,0
DA:155,0
DA:156,0
DA:158,0
DA:159,0
BRDA:143,10,0,0
BRDA:143,10,1,0
BRDA:147,32,0,0
BRDA:147,32,1,0
FN:167,System.String Microsoft.AspNetCore.OpenApi.Generated.<OpenApiXmlCommentSupport_generated>FC3EB2812C831F797DED128AB1C3A34AA5E8E57C97A42617581E5B2E0A7E83F00__DocumentationCommentIdHelper::CreateDocumentationId(System.Reflection.MethodInfo)
FNDA:0,System.String Microsoft.AspNetCore.OpenApi.Generated.<OpenApiXmlCommentSupport_generated>FC3EB2812C831F797DED128AB1C3A34AA5E8E57C97A42617581E5B2E0A7E83F00__DocumentationCommentIdHelper::CreateDocumentationId(System.Reflection.MethodInfo)
DA:168,0
DA:169,0
DA:170,0
DA:171,0
DA:174,0
DA:175,0
DA:178,0
DA:179,0
DA:180,0
DA:181,0
DA:183,0
DA:186,0
DA:187,0
DA:188,0
DA:189,0
DA:191,0
DA:192,0
DA:193,0
DA:194,0
DA:195,0
DA:196,0
DA:197,0
DA:198,0
DA:201,0
DA:202,0
DA:203,0
DA:204,0
DA:205,0
DA:206,0
DA:207,0
DA:208,0
DA:209,0
DA:210,0
DA:213,0
DA:214,0
DA:215,0
DA:216,0
DA:219,0
DA:220,0
DA:221,0
DA:223,0
DA:224,0
DA:226,0
DA:227,0
BRDA:169,10,0,0
BRDA:169,10,1,0
BRDA:178,56,0,0
BRDA:178,56,1,0
BRDA:186,99,0,0
BRDA:188,109,0,0
BRDA:188,109,1,0
BRDA:186,99,1,0
BRDA:193,156,0,0
BRDA:193,156,1,0
BRDA:202,219,0,0
BRDA:205,300,1,0
BRDA:207,246,0,0
BRDA:207,246,1,0
BRDA:205,300,0,0
BRDA:202,219,1,0
BRDA:219,337,0,0
BRDA:219,337,1,0
FN:237,System.String Microsoft.AspNetCore.OpenApi.Generated.<OpenApiXmlCommentSupport_generated>FC3EB2812C831F797DED128AB1C3A34AA5E8E57C97A42617581E5B2E0A7E83F00__DocumentationCommentIdHelper::GetTypeDocId(System.Type,System.Boolean,System.Boolean)
FNDA:0,System.String Microsoft.AspNetCore.OpenApi.Generated.<OpenApiXmlCommentSupport_generated>FC3EB2812C831F797DED128AB1C3A34AA5E8E57C97A42617581E5B2E0A7E83F00__DocumentationCommentIdHelper::GetTypeDocId(System.Type,System.Boolean,System.Boolean)
DA:238,0
DA:239,0
DA:240,0
DA:242,0
DA:243,0
DA:244,0
DA:246,0
DA:247,0
DA:248,0
DA:251,0
DA:252,0
DA:256,0
DA:257,0
DA:258,0
DA:259,0
DA:261,0
DA:264,0
DA:265,0
DA:266,0
DA:267,0
DA:268,0
DA:269,0
DA:270,0
DA:271,0
DA:272,0
DA:273,0
DA:276,0
DA:277,0
DA:278,0
DA:279,0
DA:281,0
DA:282,0
DA:283,0
DA:284,0
DA:285,0
DA:286,0
DA:288,0
DA:289,0
DA:290,0
DA:291,0
DA:293,0
DA:294,0
DA:295,0
DA:296,0
DA:297,0
DA:298,0
DA:300,0
DA:301,0
DA:303,0
DA:304,0
DA:306,0
DA:310,0
DA:311,0
BRDA:239,9,0,0
BRDA:242,26,0,0
BRDA:242,26,1,0
BRDA:246,75,0,0
BRDA:246,75,1,0
BRDA:239,9,1,0
BRDA:256,131,0,0
BRDA:259,153,0,0
BRDA:259,153,1,0
BRDA:264,271,1,0
BRDA:267,206,0,0
BRDA:267,206,1,0
BRDA:271,232,0,0
BRDA:271,232,1,0
BRDA:264,271,0,0
BRDA:281,281,0,0
BRDA:281,281,1,0
BRDA:288,332,0,0
BRDA:288,332,1,0
BRDA:288,350,0,0
BRDA:293,439,1,0
BRDA:295,386,0,0
BRDA:295,386,1,0
BRDA:293,439,0,0
BRDA:288,350,1,0
BRDA:256,131,1,0
BRDA:310,469,0,0
BRDA:310,469,1,0
FN:319,System.String Microsoft.AspNetCore.OpenApi.Generated.<OpenApiXmlCommentSupport_generated>FC3EB2812C831F797DED128AB1C3A34AA5E8E57C97A42617581E5B2E0A7E83F00__DocumentationCommentIdHelper::NormalizeDocId(System.String)
FNDA:0,System.String Microsoft.AspNetCore.OpenApi.Generated.<OpenApiXmlCommentSupport_generated>FC3EB2812C831F797DED128AB1C3A34AA5E8E57C97A42617581E5B2E0A7E83F00__DocumentationCommentIdHelper::NormalizeDocId(System.String)
DA:320,0
DA:322,0
DA:323,0
DA:324,0
DA:326,0
DA:331,0
DA:332,0
DA:333,0
DA:337,0
DA:338,0
BRDA:323,16,0,0
BRDA:323,16,1,0
BRDA:331,34,0,0
BRDA:331,34,1,0
BRDA:331,52,0,0
BRDA:331,52,1,0
FN:344,System.Threading.Tasks.Task Microsoft.AspNetCore.OpenApi.Generated.<OpenApiXmlCommentSupport_generated>FC3EB2812C831F797DED128AB1C3A34AA5E8E57C97A42617581E5B2E0A7E83F00__XmlCommentOperationTransformer::TransformAsync(Microsoft.OpenApi.OpenApiOperation,Microsoft.AspNetCore.OpenApi.OpenApiOperationTransformerContext,System.Threading.CancellationToken)
FNDA:0,System.Threading.Tasks.Task Microsoft.AspNetCore.OpenApi.Generated.<OpenApiXmlCommentSupport_generated>FC3EB2812C831F797DED128AB1C3A34AA5E8E57C97A42617581E5B2E0A7E83F00__XmlCommentOperationTransformer::TransformAsync(Microsoft.OpenApi.OpenApiOperation,Microsoft.AspNetCore.OpenApi.OpenApiOperationTransformerContext,System.Threading.CancellationToken)
DA:345,0
DA:346,0
DA:347,0
DA:348,0
DA:350,0
DA:351,0
DA:352,0
DA:354,0
DA:355,0
DA:356,0
DA:357,0
DA:358,0
DA:359,0
DA:360,0
DA:361,0
DA:362,0
DA:363,0
DA:364,0
DA:365,0
DA:366,0
DA:367,0
DA:368,0
DA:369,0
DA:370,0
DA:371,0
DA:372,0
DA:373,0
DA:374,0
DA:375,0
DA:376,0
DA:377,0
DA:378,0
DA:379,0
DA:380,0
DA:381,0
DA:382,0
DA:383,0
DA:385,0
DA:386,0
DA:387,0
DA:388,0
DA:389,0
DA:390,0
DA:391,0
DA:392,0
DA:393,0
DA:394,0
DA:395,0
DA:397,0
DA:398,0
DA:399,0
DA:400,0
DA:401,0
DA:402,0
DA:403,0
DA:404,0
DA:405,0
DA:407,0
DA:408,0
DA:409,0
DA:410,0
DA:411,0
DA:413,0
DA:414,0
DA:415,0
DA:416,0
DA:417,0
DA:418,0
DA:419,0
DA:420,0
DA:421,0
DA:422,0
DA:423,0
DA:424,0
DA:425,0
DA:426,0
DA:427,0
DA:428,0
DA:429,0
DA:430,0
DA:431,0
DA:432,0
DA:433,0
DA:434,0
DA:435,0
DA:436,0
DA:437,0
DA:438,0
DA:439,0
DA:440,0
DA:441,0
DA:442,0
DA:443,0
DA:444,0
DA:445,0
DA:446,0
DA:447,0
DA:448,0
DA:449,0
DA:450,0
DA:451,0
DA:452,0
DA:453,0
DA:454,0
DA:455,0
DA:456,0
DA:458,0
DA:459,0
DA:460,0
DA:461,0
DA:462,0
DA:463,0
DA:464,0
DA:465,0
DA:467,0
DA:468,0
DA:469,0
DA:470,0
DA:471,0
DA:472,0
DA:473,0
DA:474,0
DA:475,0
DA:476,0
DA:477,0
DA:478,0
DA:480,0
DA:481,0
BRDA:346,19,0,0
BRDA:346,19,1,0
BRDA:350,62,0,0
BRDA:350,62,1,0
BRDA:354,104,0,0
BRDA:356,127,0,0
BRDA:356,127,1,0
BRDA:360,157,0,0
BRDA:360,157,1,0
BRDA:364,187,0,0
BRDA:364,187,1,0
BRDA:368,210,0,0
BRDA:368,210,1,0
BRDA:368,229,0,0
BRDA:370,629,1,0
BRDA:373,309,0,0
BRDA:373,309,1,0
BRDA:374,344,0,0
BRDA:378,399,0,0
BRDA:378,399,1,0
BRDA:374,344,1,0
BRDA:387,462,0,0
BRDA:390,511,0,0
BRDA:392,516,0,0
BRDA:392,516,1,0
BRDA:392,529,0,0
BRDA:392,529,1,0
BRDA:393,551,0,0
BRDA:393,551,1,0
BRDA:397,601,1,0
BRDA:397,601,0,0
BRDA:390,511,1,0
BRDA:387,462,1,0
BRDA:370,629,0,0
BRDA:368,229,1,0
BRDA:407,662,0,0
BRDA:407,674,0,0
BRDA:407,674,1,0
BRDA:407,662,1,0
BRDA:407,696,0,0
BRDA:407,696,1,0
BRDA:413,738,0,0
BRDA:413,748,0,0
BRDA:413,760,0,0
BRDA:413,760,1,0
BRDA:413,738,1,0
BRDA:413,748,1,0
BRDA:413,782,0,0
BRDA:415,898,1,0
BRDA:418,861,0,0
BRDA:418,861,1,0
BRDA:415,898,0,0
BRDA:413,782,1,0
BRDA:354,104,1,0
BRDA:425,1499,1,0
BRDA:428,981,0,0
BRDA:428,996,0,0
BRDA:428,1014,0,0
BRDA:428,981,1,0
BRDA:428,996,1,0
BRDA:428,1014,1,0
BRDA:428,1042,0,0
BRDA:434,1082,0,0
BRDA:436,1095,0,0
BRDA:436,1095,1,0
BRDA:438,1137,0,0
BRDA:438,1137,1,0
BRDA:438,1161,0,0
BRDA:438,1161,1,0
BRDA:442,1199,0,0
BRDA:442,1199,1,0
BRDA:446,1221,0,0
BRDA:448,1243,0,0
BRDA:451,1271,0,0
BRDA:451,1271,1,0
BRDA:451,1293,0,0
BRDA:453,1308,0,0
BRDA:453,1308,1,0
BRDA:454,1330,0,0
BRDA:454,1330,1,0
BRDA:459,1387,1,0
BRDA:459,1387,0,0
BRDA:451,1293,1,0
BRDA:446,1221,1,0
BRDA:468,1426,0,0
BRDA:471,1447,0,0
BRDA:471,1447,1,0
BRDA:471,1469,0,0
BRDA:471,1469,1,0
BRDA:468,1426,1,0
BRDA:434,1082,1,0
BRDA:428,1042,1,0
BRDA:448,1243,1,0
BRDA:425,1499,0,0
FN:483,Microsoft.OpenApi.OpenApiParameter Microsoft.AspNetCore.OpenApi.Generated.<OpenApiXmlCommentSupport_generated>FC3EB2812C831F797DED128AB1C3A34AA5E8E57C97A42617581E5B2E0A7E83F00__XmlCommentOperationTransformer::UnwrapOpenApiParameter(Microsoft.OpenApi.IOpenApiParameter)
FNDA:0,Microsoft.OpenApi.OpenApiParameter Microsoft.AspNetCore.OpenApi.Generated.<OpenApiXmlCommentSupport_generated>FC3EB2812C831F797DED128AB1C3A34AA5E8E57C97A42617581E5B2E0A7E83F00__XmlCommentOperationTransformer::UnwrapOpenApiParameter(Microsoft.OpenApi.IOpenApiParameter)
DA:484,0
DA:485,0
DA:486,0
DA:487,0
DA:488,0
DA:489,0
DA:492,0
DA:493,0
DA:496,0
DA:497,0
DA:498,0
DA:501,0
DA:502,0
DA:504,0
BRDA:485,14,0,0
BRDA:487,35,0,0
BRDA:487,35,1,0
BRDA:485,14,1,0
BRDA:496,72,0,0
BRDA:496,72,1,0
FN:510,System.Threading.Tasks.Task Microsoft.AspNetCore.OpenApi.Generated.<OpenApiXmlCommentSupport_generated>FC3EB2812C831F797DED128AB1C3A34AA5E8E57C97A42617581E5B2E0A7E83F00__XmlCommentSchemaTransformer::TransformAsync(Microsoft.OpenApi.OpenApiSchema,Microsoft.AspNetCore.OpenApi.OpenApiSchemaTransformerContext,System.Threading.CancellationToken)
FNDA:0,System.Threading.Tasks.Task Microsoft.AspNetCore.OpenApi.Generated.<OpenApiXmlCommentSupport_generated>FC3EB2812C831F797DED128AB1C3A34AA5E8E57C97A42617581E5B2E0A7E83F00__XmlCommentSchemaTransformer::TransformAsync(Microsoft.OpenApi.OpenApiSchema,Microsoft.AspNetCore.OpenApi.OpenApiSchemaTransformerContext,System.Threading.CancellationToken)
DA:511,0
DA:513,0
DA:514,0
DA:515,0
DA:516,0
DA:517,0
DA:518,0
DA:519,0
DA:520,0
DA:522,0
DA:523,0
DA:525,0
DA:526,0
DA:527,0
DA:528,0
DA:529,0
DA:530,0
DA:531,0
DA:532,0
DA:533,0
DA:534,0
DA:535,0
DA:536,0
DA:537,0
DA:538,0
DA:539,0
DA:541,0
DA:542,0
DA:543,0
DA:544,0
DA:545,0
DA:546,0
DA:548,0
DA:550,0
DA:551,0
DA:552,0
DA:553,0
DA:554,0
DA:555,0
DA:556,0
DA:557,0
DA:558,0
DA:559,0
DA:560,0
DA:561,0
DA:562,0
BRDA:513,36,0,0
BRDA:516,59,0,0
BRDA:516,59,1,0
BRDA:516,79,0,0
BRDA:516,79,1,0
BRDA:513,36,1,0
BRDA:522,107,0,0
BRDA:522,107,1,0
BRDA:522,133,0,0
BRDA:525,166,0,0
BRDA:528,188,0,0
BRDA:528,188,1,0
BRDA:528,212,0,0
BRDA:528,212,1,0
BRDA:532,250,0,0
BRDA:532,250,1,0
BRDA:536,269,0,0
BRDA:536,289,0,0
BRDA:536,269,1,0
BRDA:536,289,1,0
BRDA:536,310,0,0
BRDA:542,330,0,0
BRDA:542,330,1,0
BRDA:542,352,0,0
BRDA:542,352,1,0
BRDA:536,310,1,0
BRDA:550,388,0,0
BRDA:550,388,1,0
BRDA:554,419,0,0
BRDA:554,419,1,0
BRDA:554,441,0,0
BRDA:554,441,1,0
BRDA:525,166,1,0
BRDA:522,133,1,0
FN:568,System.Text.Json.Nodes.JsonNode Microsoft.AspNetCore.OpenApi.Generated.<OpenApiXmlCommentSupport_generated>FC3EB2812C831F797DED128AB1C3A34AA5E8E57C97A42617581E5B2E0A7E83F00__JsonNodeExtensions::Parse(System.String)
FNDA:0,System.Text.Json.Nodes.JsonNode Microsoft.AspNetCore.OpenApi.Generated.<OpenApiXmlCommentSupport_generated>FC3EB2812C831F797DED128AB1C3A34AA5E8E57C97A42617581E5B2E0A7E83F00__JsonNodeExtensions::Parse(System.String)
DA:569,0
DA:570,0
DA:571,0
DA:572,0
DA:576,0
DA:577,0
DA:579,0
DA:580,0
DA:582,0
DA:584,0
DA:586,0
DA:587,0
DA:588,0
DA:591,0
BRDA:570,7,0,0
BRDA:570,7,1,0
FN:598,Microsoft.Extensions.DependencyInjection.IServiceCollection Microsoft.AspNetCore.OpenApi.Generated.<OpenApiXmlCommentSupport_generated>FC3EB2812C831F797DED128AB1C3A34AA5E8E57C97A42617581E5B2E0A7E83F00__GeneratedServiceCollectionExtensions::AddOpenApi(Microsoft.Extensions.DependencyInjection.IServiceCollection)
FNDA:31,Microsoft.Extensions.DependencyInjection.IServiceCollection Microsoft.AspNetCore.OpenApi.Generated.<OpenApiXmlCommentSupport_generated>FC3EB2812C831F797DED128AB1C3A34AA5E8E57C97A42617581E5B2E0A7E83F00__GeneratedServiceCollectionExtensions::AddOpenApi(Microsoft.Extensions.DependencyInjection.IServiceCollection)
DA:599,31
DA:600,31
DA:601,0
DA:602,0
DA:603,0
DA:604,31
DA:605,31
FN:19,System.Void System.Runtime.CompilerServices.<OpenApiXmlCommentSupport_generated>FC3EB2812C831F797DED128AB1C3A34AA5E8E57C97A42617581E5B2E0A7E83F00__InterceptsLocationAttribute::.ctor(System.Int32,System.String)
FNDA:0,System.Void System.Runtime.CompilerServices.<OpenApiXmlCommentSupport_generated>FC3EB2812C831F797DED128AB1C3A34AA5E8E57C97A42617581E5B2E0A7E83F00__InterceptsLocationAttribute::.ctor(System.Int32,System.String)
DA:20,0
DA:21,0
DA:22,0
LF:384
LH:4
BRF:206
BRH:0
FNF:26
FNH:1
end_of_record
SF:C:\Users\marius\source\web\floudy_full\Floudy_API\Floudy_API\Program.cs
FN:13,System.Void Floudy.API.Program::Main(System.String[])
FNDA:31,System.Void Floudy.API.Program::Main(System.String[])
DA:14,31
DA:15,31
DA:17,31
DA:18,31
DA:19,31
DA:21,31
DA:22,31
DA:23,31
DA:24,31
DA:26,31
DA:27,31
DA:28,31
DA:29,31
DA:30,31
DA:32,93
DA:33,93
DA:34,93
DA:35,93
DA:37,31
DA:39,31
DA:40,31
DA:41,31
DA:42,31
DA:44,31
DA:45,31
DA:46,31
DA:47,31
DA:48,31
DA:49,31
DA:50,31
DA:51,31
DA:53,31
DA:54,0
DA:55,0
DA:56,0
DA:58,0
DA:59,0
DA:60,0
DA:61,0
DA:63,0
DA:64,0
DA:65,0
DA:66,31
DA:68,31
DA:69,31
BRDA:48,302,0,31
BRDA:48,302,1,0
BRDA:53,431,0,0
BRDA:58,470,0,0
BRDA:63,552,1,0
BRDA:63,552,0,0
BRDA:58,470,1,0
BRDA:53,431,1,31
LF:45
LH:35
BRF:8
BRH:2
FNF:1
FNH:1
end_of_record
SF:C:\Users\marius\source\web\floudy_full\Floudy_API\Floudy_API\Utility\DataSizes.cs
FN:4,System.Double Floudy.API.Utility.FileSize::get_Value()
FNDA:36,System.Double Floudy.API.Utility.FileSize::get_Value()
DA:5,36
FN:6,Floudy.API.Utility.DataSize Floudy.API.Utility.FileSize::get_Unit()
FNDA:36,Floudy.API.Utility.DataSize Floudy.API.Utility.FileSize::get_Unit()
DA:7,36
FN:8,System.String Floudy.API.Utility.FileSize::ToString()
FNDA:8,System.String Floudy.API.Utility.FileSize::ToString()
DA:9,8
LF:3
LH:3
BRF:0
BRH:0
FNF:3
FNH:3
end_of_record
SF:C:\Users\marius\source\web\floudy_full\Floudy_API\Floudy_API\Utility\FloudyHub.cs
FN:5,System.Void Floudy.API.Utility.FloudyHub::.ctor(Floudy.API.Services.ChatService,Floudy.API.Services.UserService,Floudy.API.Services.LogService,Floudy.API.Services.MaliciousDetectionService)
FNDA:0,System.Void Floudy.API.Utility.FloudyHub::.ctor(Floudy.API.Services.ChatService,Floudy.API.Services.UserService,Floudy.API.Services.LogService,Floudy.API.Services.MaliciousDetectionService)
DA:6,0
FN:36,System.Void Floudy.API.Utility.FloudyHub/<DeleteChatMessage>d__10::MoveNext()
FNDA:0,System.Void Floudy.API.Utility.FloudyHub/<DeleteChatMessage>d__10::MoveNext()
DA:37,0
DA:38,0
DA:39,0
DA:41,0
DA:42,0
DA:43,0
DA:44,0
DA:45,0
DA:46,0
BRDA:39,52,0,0
BRDA:39,52,1,0
BRDA:39,85,0,0
BRDA:39,85,1,0
BRDA:41,116,0,0
BRDA:41,116,1,0
FN:11,System.Void Floudy.API.Utility.FloudyHub/<JoinChat>d__7::MoveNext()
FNDA:0,System.Void Floudy.API.Utility.FloudyHub/<JoinChat>d__7::MoveNext()
DA:12,0
FN:7,System.Void Floudy.API.Utility.FloudyHub/<JoinGroup>d__5::MoveNext()
FNDA:0,System.Void Floudy.API.Utility.FloudyHub/<JoinGroup>d__5::MoveNext()
DA:8,0
FN:13,System.Void Floudy.API.Utility.FloudyHub/<LeaveChat>d__8::MoveNext()
FNDA:0,System.Void Floudy.API.Utility.FloudyHub/<LeaveChat>d__8::MoveNext()
DA:14,0
FN:9,System.Void Floudy.API.Utility.FloudyHub/<LeaveGroup>d__6::MoveNext()
FNDA:0,System.Void Floudy.API.Utility.FloudyHub/<LeaveGroup>d__6::MoveNext()
DA:10,0
FN:16,System.Void Floudy.API.Utility.FloudyHub/<SendChatMessage>d__9::MoveNext()
FNDA:0,System.Void Floudy.API.Utility.FloudyHub/<SendChatMessage>d__9::MoveNext()
DA:17,0
DA:18,0
DA:19,0
DA:20,0
DA:22,0
DA:24,0
DA:25,0
DA:27,0
DA:28,0
DA:29,0
DA:30,0
DA:31,0
DA:32,0
DA:33,0
DA:34,0
BRDA:19,54,0,0
BRDA:19,54,1,0
BRDA:19,74,0,0
BRDA:19,74,1,0
BRDA:20,95,0,0
BRDA:20,95,1,0
BRDA:20,112,0,0
BRDA:20,112,1,0
BRDA:24,211,0,0
BRDA:24,211,1,0
LF:29
LH:0
BRF:16
BRH:0
FNF:7
FNH:0
end_of_record
SF:C:\Users\marius\source\web\floudy_full\Floudy_API\Floudy_API\Utility\Utility.cs
FN:4,System.Int64 Floudy.API.Utility.GlobalIdManager::get_BaseValue()
FNDA:421,System.Int64 Floudy.API.Utility.GlobalIdManager::get_BaseValue()
DA:5,421
FN:12,System.Void Floudy.API.Utility.GlobalIdManager::Reset()
FNDA:32,System.Void Floudy.API.Utility.GlobalIdManager::Reset()
DA:13,32
DA:14,32
DA:15,32
DA:17,32
DA:18,32
DA:19,32
FN:20,System.Int64 Floudy.API.Utility.GlobalIdManager::NextAvailable()
FNDA:2,System.Int64 Floudy.API.Utility.GlobalIdManager::NextAvailable()
DA:21,2
FN:23,System.Int64 Floudy.API.Utility.GlobalIdManager::Register()
FNDA:149,System.Int64 Floudy.API.Utility.GlobalIdManager::Register()
DA:24,149
DA:25,149
DA:26,149
DA:28,149
DA:29,145
DA:30,145
DA:31,145
DA:32,145
DA:34,149
DA:35,149
BRDA:28,39,0,145
BRDA:28,39,1,149
FN:37,System.Boolean Floudy.API.Utility.GlobalIdManager::Unregister(System.Int64)
FNDA:16,System.Boolean Floudy.API.Utility.GlobalIdManager::Unregister(System.Int64)
DA:38,16
DA:39,21
DA:41,11
DA:42,11
DA:43,11
DA:44,16
BRDA:39,4,0,14
BRDA:39,12,0,13
BRDA:39,4,1,3
BRDA:39,12,1,3
BRDA:39,30,0,5
BRDA:39,30,1,11
FN:6,System.Void Floudy.API.Utility.GlobalIdManager::.cctor()
FNDA:1,System.Void Floudy.API.Utility.GlobalIdManager::.cctor()
DA:7,1
DA:8,1
DA:10,1
FN:49,Floudy.API.Utility.FileSize Floudy.API.Utility.DataSizeConverter::ConvertToOptimalSize(System.Int64)
FNDA:9,Floudy.API.Utility.FileSize Floudy.API.Utility.DataSizeConverter::ConvertToOptimalSize(System.Int64)
DA:50,9
DA:51,9
DA:52,9
DA:53,9
DA:54,9
DA:56,13
DA:57,7
DA:58,4
DA:59,3
DA:61,1
DA:62,9
BRDA:56,32,0,4
BRDA:56,32,1,5
BRDA:57,55,0,2
BRDA:57,55,1,3
BRDA:58,80,0,1
BRDA:58,80,1,2
BRDA:59,105,0,1
BRDA:59,105,1,1
LF:38
LH:38
BRF:16
BRH:16
FNF:7
FNH:7
end_of_record
SF:C:\Users\marius\source\web\floudy_full\Floudy_API\Floudy_API\Storage\AppDbContext.cs
FN:15,Microsoft.EntityFrameworkCore.DbSet`1<Floudy.API.Storage.Entities.RawFileEntity> Floudy.API.Storage.AppDbContext::get_Files()
FNDA:1018,Microsoft.EntityFrameworkCore.DbSet`1<Floudy.API.Storage.Entities.RawFileEntity> Floudy.API.Storage.AppDbContext::get_Files()
DA:16,1018
FN:16,Microsoft.EntityFrameworkCore.DbSet`1<Floudy.API.Storage.Entities.UserEntity> Floudy.API.Storage.AppDbContext::get_Users()
FNDA:744,Microsoft.EntityFrameworkCore.DbSet`1<Floudy.API.Storage.Entities.UserEntity> Floudy.API.Storage.AppDbContext::get_Users()
DA:17,744
FN:17,Microsoft.EntityFrameworkCore.DbSet`1<Floudy.API.Storage.Entities.RoleEntity> Floudy.API.Storage.AppDbContext::get_Roles()
FNDA:744,Microsoft.EntityFrameworkCore.DbSet`1<Floudy.API.Storage.Entities.RoleEntity> Floudy.API.Storage.AppDbContext::get_Roles()
DA:18,744
FN:18,Microsoft.EntityFrameworkCore.DbSet`1<Floudy.API.Storage.Entities.PermissionEntity> Floudy.API.Storage.AppDbContext::get_Permissions()
FNDA:744,Microsoft.EntityFrameworkCore.DbSet`1<Floudy.API.Storage.Entities.PermissionEntity> Floudy.API.Storage.AppDbContext::get_Permissions()
DA:19,744
FN:21,System.Void Floudy.API.Storage.AppDbContext::OnConfiguring(Microsoft.EntityFrameworkCore.DbContextOptionsBuilder)
FNDA:372,System.Void Floudy.API.Storage.AppDbContext::OnConfiguring(Microsoft.EntityFrameworkCore.DbContextOptionsBuilder)
DA:22,372
DA:23,744
DA:24,372
BRDA:23,12,0,372
BRDA:23,12,1,372
FN:26,System.Void Floudy.API.Storage.AppDbContext::OnModelCreating(Microsoft.EntityFrameworkCore.ModelBuilder)
FNDA:1,System.Void Floudy.API.Storage.AppDbContext::OnModelCreating(Microsoft.EntityFrameworkCore.ModelBuilder)
DA:27,1
DA:28,1
DA:29,1
DA:31,1
DA:32,1
DA:33,1
DA:35,1
DA:36,1
DA:38,1
DA:39,1
DA:41,1
DA:42,1
DA:43,1
DA:44,1
DA:45,1
DA:46,1
DA:47,1
DA:48,1
DA:49,1
DA:50,1
FN:9,System.Void Floudy.API.Storage.AppDbContext::.ctor(System.String)
FNDA:372,System.Void Floudy.API.Storage.AppDbContext::.ctor(System.String)
DA:10,372
DA:11,372
DA:12,372
DA:13,372
DA:14,372
BRDA:12,39,0,31
BRDA:12,39,1,372
LF:32
LH:32
BRF:4
BRH:4
FNF:7
FNH:7
end_of_record
SF:C:\Users\marius\source\web\floudy_full\Floudy_API\Floudy_API\Storage\ChatDbContext.cs
FN:18,Microsoft.EntityFrameworkCore.DbSet`1<Floudy.API.Storage.Entities.ChatMessageEntity> Floudy.API.Storage.ChatDbContext::get_Messages()
FNDA:0,Microsoft.EntityFrameworkCore.DbSet`1<Floudy.API.Storage.Entities.ChatMessageEntity> Floudy.API.Storage.ChatDbContext::get_Messages()
DA:19,0
FN:21,System.Void Floudy.API.Storage.ChatDbContext::OnConfiguring(Microsoft.EntityFrameworkCore.DbContextOptionsBuilder)
FNDA:0,System.Void Floudy.API.Storage.ChatDbContext::OnConfiguring(Microsoft.EntityFrameworkCore.DbContextOptionsBuilder)
DA:22,0
DA:23,0
DA:24,0
DA:25,0
DA:26,0
DA:27,0
DA:28,0
BRDA:23,12,0,0
BRDA:23,12,1,0
FN:30,System.Void Floudy.API.Storage.ChatDbContext::OnModelCreating(Microsoft.EntityFrameworkCore.ModelBuilder)
FNDA:0,System.Void Floudy.API.Storage.ChatDbContext::OnModelCreating(Microsoft.EntityFrameworkCore.ModelBuilder)
DA:31,0
DA:32,0
DA:33,0
FN:12,System.Void Floudy.API.Storage.ChatDbContext::.ctor(System.String,System.String)
FNDA:0,System.Void Floudy.API.Storage.ChatDbContext::.ctor(System.String,System.String)
DA:13,0
DA:14,0
DA:15,0
DA:16,0
DA:17,0
BRDA:15,18,0,0
BRDA:15,18,1,0
BRDA:16,34,0,0
BRDA:16,34,1,0
LF:16
LH:0
BRF:6
BRH:0
FNF:4
FNH:0
end_of_record
SF:C:\Users\marius\source\web\floudy_full\Floudy_API\Floudy_API\Storage\ChatRepository.cs
FN:7,System.Collections.Generic.IEnumerable`1<Floudy.API.Storage.Entities.ChatMessageEntity> Floudy.API.Storage.ChatRepository::GetAll()
FNDA:0,System.Collections.Generic.IEnumerable`1<Floudy.API.Storage.Entities.ChatMessageEntity> Floudy.API.Storage.ChatRepository::GetAll()
DA:8,0
DA:9,0
DA:10,0
DA:11,0
FN:13,System.Void Floudy.API.Storage.ChatRepository::Add(Floudy.API.Storage.Entities.ChatMessageEntity)
FNDA:0,System.Void Floudy.API.Storage.ChatRepository::Add(Floudy.API.Storage.Entities.ChatMessageEntity)
DA:14,0
DA:15,0
DA:16,0
DA:17,0
DA:18,0
FN:20,System.Boolean Floudy.API.Storage.ChatRepository::Remove(System.String)
FNDA:0,System.Boolean Floudy.API.Storage.ChatRepository::Remove(System.String)
DA:21,0
DA:22,0
DA:23,0
DA:24,0
DA:25,0
DA:26,0
DA:27,0
DA:28,0
BRDA:24,47,0,0
BRDA:24,47,1,0
FN:30,Floudy.API.Storage.Entities.ChatMessageEntity Floudy.API.Storage.ChatRepository::GetById(System.String)
FNDA:0,Floudy.API.Storage.Entities.ChatMessageEntity Floudy.API.Storage.ChatRepository::GetById(System.String)
DA:31,0
DA:32,0
DA:33,0
DA:34,0
FN:4,System.Void Floudy.API.Storage.ChatRepository::.ctor(System.String,System.String)
FNDA:31,System.Void Floudy.API.Storage.ChatRepository::.ctor(System.String,System.String)
DA:5,31
LF:22
LH:1
BRF:2
BRH:0
FNF:5
FNH:1
end_of_record
SF:C:\Users\marius\source\web\floudy_full\Floudy_API\Floudy_API\Storage\FileRepository.cs
FN:7,Floudy.API.Storage.Entities.RawFileEntity Floudy.API.Storage.FileRepository::GetById(System.Int64)
FNDA:4,Floudy.API.Storage.Entities.RawFileEntity Floudy.API.Storage.FileRepository::GetById(System.Int64)
DA:8,4
DA:9,4
DA:10,4
DA:11,4
FN:13,System.Int32 Floudy.API.Storage.FileRepository::Count()
FNDA:17,System.Int32 Floudy.API.Storage.FileRepository::Count()
DA:14,17
DA:15,17
DA:16,17
DA:17,17
FN:19,System.Void Floudy.API.Storage.FileRepository::Add(Floudy.API.Storage.Entities.RawFileEntity)
FNDA:144,System.Void Floudy.API.Storage.FileRepository::Add(Floudy.API.Storage.Entities.RawFileEntity)
DA:20,144
DA:21,144
DA:22,144
DA:23,144
DA:24,288
FN:26,System.Boolean Floudy.API.Storage.FileRepository::Remove(System.Int64)
FNDA:11,System.Boolean Floudy.API.Storage.FileRepository::Remove(System.Int64)
DA:27,11
DA:28,11
DA:29,11
DA:30,15
DA:31,7
DA:32,7
DA:33,7
DA:34,11
BRDA:30,46,0,4
BRDA:30,46,1,7
FN:36,System.Void Floudy.API.Storage.FileRepository::Update(Floudy.API.Storage.Entities.RawFileEntity)
FNDA:4,System.Void Floudy.API.Storage.FileRepository::Update(Floudy.API.Storage.Entities.RawFileEntity)
DA:37,4
DA:38,4
DA:39,4
DA:40,4
DA:41,4
DA:42,4
DA:43,4
DA:44,4
DA:45,8
BRDA:40,51,0,4
BRDA:40,51,1,4
FN:47,System.Boolean Floudy.API.Storage.FileRepository::Any(System.Int64)
FNDA:10,System.Boolean Floudy.API.Storage.FileRepository::Any(System.Int64)
DA:48,10
DA:49,10
DA:50,10
DA:51,10
FN:53,System.Collections.Generic.IEnumerable`1<Floudy.API.Storage.Entities.RawFileEntity> Floudy.API.Storage.FileRepository::GetAll()
FNDA:46,System.Collections.Generic.IEnumerable`1<Floudy.API.Storage.Entities.RawFileEntity> Floudy.API.Storage.FileRepository::GetAll()
DA:54,46
DA:55,46
DA:56,46
DA:57,46
FN:4,System.Void Floudy.API.Storage.FileRepository::.ctor(System.String)
FNDA:114,System.Void Floudy.API.Storage.FileRepository::.ctor(System.String)
DA:5,114
LF:39
LH:39
BRF:4
BRH:4
FNF:8
FNH:8
end_of_record
SF:C:\Users\marius\source\web\floudy_full\Floudy_API\Floudy_API\Storage\LogDbContext.cs
FN:15,Microsoft.EntityFrameworkCore.DbSet`1<Floudy.API.Storage.Entities.LogEntryEntity> Floudy.API.Storage.LogDbContext::get_LogEntries()
FNDA:3,Microsoft.EntityFrameworkCore.DbSet`1<Floudy.API.Storage.Entities.LogEntryEntity> Floudy.API.Storage.LogDbContext::get_LogEntries()
DA:16,3
FN:16,Microsoft.EntityFrameworkCore.DbSet`1<Floudy.API.Storage.Entities.SuspiciousUserEntity> Floudy.API.Storage.LogDbContext::get_SuspiciousUsers()
FNDA:2,Microsoft.EntityFrameworkCore.DbSet`1<Floudy.API.Storage.Entities.SuspiciousUserEntity> Floudy.API.Storage.LogDbContext::get_SuspiciousUsers()
DA:17,2
FN:19,System.Void Floudy.API.Storage.LogDbContext::OnConfiguring(Microsoft.EntityFrameworkCore.DbContextOptionsBuilder)
FNDA:1,System.Void Floudy.API.Storage.LogDbContext::OnConfiguring(Microsoft.EntityFrameworkCore.DbContextOptionsBuilder)
DA:20,1
DA:21,2
DA:22,1
BRDA:21,12,0,1
BRDA:21,12,1,1
FN:24,System.Void Floudy.API.Storage.LogDbContext::OnModelCreating(Microsoft.EntityFrameworkCore.ModelBuilder)
FNDA:1,System.Void Floudy.API.Storage.LogDbContext::OnModelCreating(Microsoft.EntityFrameworkCore.ModelBuilder)
DA:25,1
DA:26,1
DA:27,1
DA:28,1
FN:9,System.Void Floudy.API.Storage.LogDbContext::.ctor(System.String)
FNDA:1,System.Void Floudy.API.Storage.LogDbContext::.ctor(System.String)
DA:10,1
DA:11,1
DA:12,1
DA:13,1
DA:14,1
BRDA:12,25,0,0
BRDA:12,25,1,1
LF:14
LH:14
BRF:4
BRH:3
FNF:5
FNH:5
end_of_record
SF:C:\Users\marius\source\web\floudy_full\Floudy_API\Floudy_API\Storage\LogRepository.cs
FN:7,System.Void Floudy.API.Storage.LogRepository::AddLog(Floudy.API.Storage.Entities.LogEntryEntity)
FNDA:1,System.Void Floudy.API.Storage.LogRepository::AddLog(Floudy.API.Storage.Entities.LogEntryEntity)
DA:8,1
DA:9,1
DA:10,1
DA:11,1
DA:12,0
FN:14,System.Collections.Generic.IEnumerable`1<Floudy.API.Storage.Entities.LogEntryEntity> Floudy.API.Storage.LogRepository::GetAllLogs()
FNDA:0,System.Collections.Generic.IEnumerable`1<Floudy.API.Storage.Entities.LogEntryEntity> Floudy.API.Storage.LogRepository::GetAllLogs()
DA:15,0
DA:16,0
DA:17,0
DA:18,0
FN:20,System.Void Floudy.API.Storage.LogRepository::AddSuspicious(Floudy.API.Storage.Entities.SuspiciousUserEntity)
FNDA:0,System.Void Floudy.API.Storage.LogRepository::AddSuspicious(Floudy.API.Storage.Entities.SuspiciousUserEntity)
DA:21,0
DA:22,0
DA:23,0
DA:24,0
DA:25,0
FN:27,System.Collections.Generic.IEnumerable`1<Floudy.API.Storage.Entities.SuspiciousUserEntity> Floudy.API.Storage.LogRepository::GetAllSuspicious()
FNDA:0,System.Collections.Generic.IEnumerable`1<Floudy.API.Storage.Entities.SuspiciousUserEntity> Floudy.API.Storage.LogRepository::GetAllSuspicious()
DA:28,0
DA:29,0
DA:30,0
DA:31,0
FN:4,System.Void Floudy.API.Storage.LogRepository::.ctor(System.String)
FNDA:53,System.Void Floudy.API.Storage.LogRepository::.ctor(System.String)
DA:5,53
LF:19
LH:5
BRF:0
BRH:0
FNF:5
FNH:2
end_of_record
SF:C:\Users\marius\source\web\floudy_full\Floudy_API\Floudy_API\Storage\UserRepository.cs
FN:8,Floudy.API.Storage.Entities.UserEntity Floudy.API.Storage.UserRepository::GetById(System.Int64)
FNDA:0,Floudy.API.Storage.Entities.UserEntity Floudy.API.Storage.UserRepository::GetById(System.Int64)
DA:9,0
DA:10,0
DA:11,0
DA:12,0
FN:14,System.Collections.Generic.IEnumerable`1<Floudy.API.Storage.Entities.UserEntity> Floudy.API.Storage.UserRepository::GetAll()
FNDA:0,System.Collections.Generic.IEnumerable`1<Floudy.API.Storage.Entities.UserEntity> Floudy.API.Storage.UserRepository::GetAll()
DA:15,0
DA:16,0
DA:17,0
DA:18,0
FN:20,System.Void Floudy.API.Storage.UserRepository::Add(Floudy.API.Storage.Entities.UserEntity)
FNDA:0,System.Void Floudy.API.Storage.UserRepository::Add(Floudy.API.Storage.Entities.UserEntity)
DA:21,0
DA:22,0
DA:23,0
DA:24,0
DA:25,0
FN:27,System.Void Floudy.API.Storage.UserRepository::Update(Floudy.API.Storage.Entities.UserEntity)
FNDA:0,System.Void Floudy.API.Storage.UserRepository::Update(Floudy.API.Storage.Entities.UserEntity)
DA:28,0
DA:29,0
DA:30,0
DA:31,0
DA:32,0
DA:33,0
DA:34,0
DA:35,0
DA:36,0
DA:37,0
BRDA:31,51,0,0
BRDA:31,51,1,0
FN:39,System.Boolean Floudy.API.Storage.UserRepository::Any(System.Func`2<Floudy.API.Storage.Entities.UserEntity,System.Boolean>)
FNDA:0,System.Boolean Floudy.API.Storage.UserRepository::Any(System.Func`2<Floudy.API.Storage.Entities.UserEntity,System.Boolean>)
DA:40,0
DA:41,0
DA:42,0
DA:43,0
FN:5,System.Void Floudy.API.Storage.UserRepository::.ctor(System.String)
FNDA:53,System.Void Floudy.API.Storage.UserRepository::.ctor(System.String)
DA:6,53
LF:28
LH:1
BRF:2
BRH:0
FNF:6
FNH:1
end_of_record
SF:C:\Users\marius\source\web\floudy_full\Floudy_API\Floudy_API\Storage\Entities\ChatMessageEntity.cs
FN:9,System.String Floudy.API.Storage.Entities.ChatMessageEntity::get_Id()
FNDA:0,System.String Floudy.API.Storage.Entities.ChatMessageEntity::get_Id()
DA:10,0
FN:11,System.String Floudy.API.Storage.Entities.ChatMessageEntity::get_Username()
FNDA:0,System.String Floudy.API.Storage.Entities.ChatMessageEntity::get_Username()
DA:12,0
FN:13,System.String Floudy.API.Storage.Entities.ChatMessageEntity::get_Text()
FNDA:0,System.String Floudy.API.Storage.Entities.ChatMessageEntity::get_Text()
DA:14,0
FN:15,System.DateTime Floudy.API.Storage.Entities.ChatMessageEntity::get_Timestamp()
FNDA:0,System.DateTime Floudy.API.Storage.Entities.ChatMessageEntity::get_Timestamp()
DA:16,0
LF:4
LH:0
BRF:0
BRH:0
FNF:4
FNH:0
end_of_record
SF:C:\Users\marius\source\web\floudy_full\Floudy_API\Floudy_API\Storage\Entities\LogEntryEntity.cs
FN:9,System.Int64 Floudy.API.Storage.Entities.LogEntryEntity::get_ID()
FNDA:0,System.Int64 Floudy.API.Storage.Entities.LogEntryEntity::get_ID()
DA:10,0
FN:11,System.String Floudy.API.Storage.Entities.LogEntryEntity::get_UserId()
FNDA:2,System.String Floudy.API.Storage.Entities.LogEntryEntity::get_UserId()
DA:12,2
FN:13,System.String Floudy.API.Storage.Entities.LogEntryEntity::get_Username()
FNDA:2,System.String Floudy.API.Storage.Entities.LogEntryEntity::get_Username()
DA:14,2
FN:15,System.String Floudy.API.Storage.Entities.LogEntryEntity::get_GroupName()
FNDA:2,System.String Floudy.API.Storage.Entities.LogEntryEntity::get_GroupName()
DA:16,2
FN:17,System.String Floudy.API.Storage.Entities.LogEntryEntity::get_Action()
FNDA:2,System.String Floudy.API.Storage.Entities.LogEntryEntity::get_Action()
DA:18,2
FN:19,System.String Floudy.API.Storage.Entities.LogEntryEntity::get_ActionDescription()
FNDA:2,System.String Floudy.API.Storage.Entities.LogEntryEntity::get_ActionDescription()
DA:20,2
FN:21,System.DateTime Floudy.API.Storage.Entities.LogEntryEntity::get_Timestamp()
FNDA:1,System.DateTime Floudy.API.Storage.Entities.LogEntryEntity::get_Timestamp()
DA:22,1
LF:7
LH:6
BRF:0
BRH:0
FNF:7
FNH:6
end_of_record
SF:C:\Users\marius\source\web\floudy_full\Floudy_API\Floudy_API\Storage\Entities\PermissionEntity.cs
FN:4,System.Int64 Floudy.API.Storage.Entities.PermissionEntity::get_ID()
FNDA:0,System.Int64 Floudy.API.Storage.Entities.PermissionEntity::get_ID()
DA:5,0
FN:5,System.String Floudy.API.Storage.Entities.PermissionEntity::get_Name()
FNDA:0,System.String Floudy.API.Storage.Entities.PermissionEntity::get_Name()
DA:6,0
FN:6,System.Collections.Generic.ICollection`1<Floudy.API.Storage.Entities.RoleEntity> Floudy.API.Storage.Entities.PermissionEntity::get_Roles()
FNDA:0,System.Collections.Generic.ICollection`1<Floudy.API.Storage.Entities.RoleEntity> Floudy.API.Storage.Entities.PermissionEntity::get_Roles()
DA:7,0
LF:3
LH:0
BRF:0
BRH:0
FNF:3
FNH:0
end_of_record
SF:C:\Users\marius\source\web\floudy_full\Floudy_API\Floudy_API\Storage\Entities\RawFileEntity.cs
FN:4,System.Int64 Floudy.API.Storage.Entities.RawFileEntity::get_ID()
FNDA:206,System.Int64 Floudy.API.Storage.Entities.RawFileEntity::get_ID()
DA:5,206
FN:6,System.String Floudy.API.Storage.Entities.RawFileEntity::get_Name()
FNDA:465,System.String Floudy.API.Storage.Entities.RawFileEntity::get_Name()
DA:7,465
FN:8,System.String Floudy.API.Storage.Entities.RawFileEntity::get_Type()
FNDA:463,System.String Floudy.API.Storage.Entities.RawFileEntity::get_Type()
DA:9,463
FN:10,System.DateTime Floudy.API.Storage.Entities.RawFileEntity::get_UploadDate()
FNDA:271,System.DateTime Floudy.API.Storage.Entities.RawFileEntity::get_UploadDate()
DA:11,271
FN:12,System.Byte[] Floudy.API.Storage.Entities.RawFileEntity::get_Content()
FNDA:484,System.Byte[] Floudy.API.Storage.Entities.RawFileEntity::get_Content()
DA:13,484
LF:5
LH:5
BRF:0
BRH:0
FNF:5
FNH:5
end_of_record
SF:C:\Users\marius\source\web\floudy_full\Floudy_API\Floudy_API\Storage\Entities\RoleEntity.cs
FN:4,System.Int64 Floudy.API.Storage.Entities.RoleEntity::get_ID()
FNDA:0,System.Int64 Floudy.API.Storage.Entities.RoleEntity::get_ID()
DA:5,0
FN:5,System.String Floudy.API.Storage.Entities.RoleEntity::get_Name()
FNDA:0,System.String Floudy.API.Storage.Entities.RoleEntity::get_Name()
DA:6,0
FN:6,System.Collections.Generic.ICollection`1<Floudy.API.Storage.Entities.UserEntity> Floudy.API.Storage.Entities.RoleEntity::get_Users()
FNDA:0,System.Collections.Generic.ICollection`1<Floudy.API.Storage.Entities.UserEntity> Floudy.API.Storage.Entities.RoleEntity::get_Users()
DA:7,0
FN:7,System.Collections.Generic.ICollection`1<Floudy.API.Storage.Entities.PermissionEntity> Floudy.API.Storage.Entities.RoleEntity::get_Permissions()
FNDA:0,System.Collections.Generic.ICollection`1<Floudy.API.Storage.Entities.PermissionEntity> Floudy.API.Storage.Entities.RoleEntity::get_Permissions()
DA:8,0
LF:4
LH:0
BRF:0
BRH:0
FNF:4
FNH:0
end_of_record
SF:C:\Users\marius\source\web\floudy_full\Floudy_API\Floudy_API\Storage\Entities\SuspiciousUserEntity.cs
FN:9,System.Int64 Floudy.API.Storage.Entities.SuspiciousUserEntity::get_ID()
FNDA:0,System.Int64 Floudy.API.Storage.Entities.SuspiciousUserEntity::get_ID()
DA:10,0
FN:11,System.String Floudy.API.Storage.Entities.SuspiciousUserEntity::get_UserId()
FNDA:0,System.String Floudy.API.Storage.Entities.SuspiciousUserEntity::get_UserId()
DA:12,0
FN:13,System.String Floudy.API.Storage.Entities.SuspiciousUserEntity::get_Username()
FNDA:0,System.String Floudy.API.Storage.Entities.SuspiciousUserEntity::get_Username()
DA:14,0
FN:15,System.String Floudy.API.Storage.Entities.SuspiciousUserEntity::get_Reason()
FNDA:0,System.String Floudy.API.Storage.Entities.SuspiciousUserEntity::get_Reason()
DA:16,0
FN:17,System.DateTime Floudy.API.Storage.Entities.SuspiciousUserEntity::get_DetectedAt()
FNDA:0,System.DateTime Floudy.API.Storage.Entities.SuspiciousUserEntity::get_DetectedAt()
DA:18,0
LF:5
LH:0
BRF:0
BRH:0
FNF:5
FNH:0
end_of_record
SF:C:\Users\marius\source\web\floudy_full\Floudy_API\Floudy_API\Storage\Entities\UserEntity.cs
FN:4,System.Int64 Floudy.API.Storage.Entities.UserEntity::get_ID()
FNDA:0,System.Int64 Floudy.API.Storage.Entities.UserEntity::get_ID()
DA:5,0
FN:6,System.String Floudy.API.Storage.Entities.UserEntity::get_Username()
FNDA:0,System.String Floudy.API.Storage.Entities.UserEntity::get_Username()
DA:7,0
FN:8,System.String Floudy.API.Storage.Entities.UserEntity::get_Password()
FNDA:0,System.String Floudy.API.Storage.Entities.UserEntity::get_Password()
DA:9,0
FN:10,System.Int64 Floudy.API.Storage.Entities.UserEntity::get_RoleId()
FNDA:0,System.Int64 Floudy.API.Storage.Entities.UserEntity::get_RoleId()
DA:11,0
FN:12,System.Boolean Floudy.API.Storage.Entities.UserEntity::get_IsBlocked()
FNDA:0,System.Boolean Floudy.API.Storage.Entities.UserEntity::get_IsBlocked()
DA:13,0
FN:14,Floudy.API.Storage.Entities.RoleEntity Floudy.API.Storage.Entities.UserEntity::get_Role()
FNDA:0,Floudy.API.Storage.Entities.RoleEntity Floudy.API.Storage.Entities.UserEntity::get_Role()
DA:15,0
LF:6
LH:0
BRF:0
BRH:0
FNF:6
FNH:0
end_of_record
SF:C:\Users\marius\source\web\floudy_full\Floudy_API\Floudy_API\Services\ChatService.cs
FN:8,System.Collections.Generic.IEnumerable`1<Floudy.API.Storage.Entities.ChatMessageEntity> Floudy.API.Services.ChatService::GetRecent(System.Int32)
FNDA:0,System.Collections.Generic.IEnumerable`1<Floudy.API.Storage.Entities.ChatMessageEntity> Floudy.API.Services.ChatService::GetRecent(System.Int32)
DA:9,0
FN:11,Floudy.API.Storage.Entities.ChatMessageEntity Floudy.API.Services.ChatService::PostMessage(System.String,System.String)
FNDA:0,Floudy.API.Storage.Entities.ChatMessageEntity Floudy.API.Services.ChatService::PostMessage(System.String,System.String)
DA:12,0
DA:13,0
DA:14,0
DA:15,0
DA:16,0
DA:17,0
DA:18,0
DA:19,0
DA:20,0
DA:21,0
DA:22,0
FN:23,System.Boolean Floudy.API.Services.ChatService::DeleteMessage(System.String)
FNDA:0,System.Boolean Floudy.API.Services.ChatService::DeleteMessage(System.String)
DA:24,0
FN:6,System.Void Floudy.API.Services.ChatService::.ctor(Floudy.API.Storage.ChatRepository)
FNDA:0,System.Void Floudy.API.Services.ChatService::.ctor(Floudy.API.Storage.ChatRepository)
DA:7,0
LF:14
LH:0
BRF:0
BRH:0
FNF:4
FNH:0
end_of_record
SF:C:\Users\marius\source\web\floudy_full\Floudy_API\Floudy_API\Services\FileService.cs
FN:13,Floudy.API.Storage.FileRepository Floudy.API.Services.FileService::get_Files()
FNDA:91,Floudy.API.Storage.FileRepository Floudy.API.Services.FileService::get_Files()
DA:14,91
FN:15,Floudy.API.Models.RawFile Floudy.API.Services.FileService::MapToModel(Floudy.API.Storage.Entities.RawFileEntity)
FNDA:37,Floudy.API.Models.RawFile Floudy.API.Services.FileService::MapToModel(Floudy.API.Storage.Entities.RawFileEntity)
DA:16,37
DA:17,37
DA:18,37
DA:19,37
DA:20,37
DA:21,37
DA:22,37
DA:23,37
DA:24,37
BRDA:16,19,0,0
BRDA:16,19,1,35
FN:26,System.Boolean Floudy.API.Services.FileService::VerifyMetadata(System.Collections.Generic.Dictionary`2<System.String,System.Object>)
FNDA:148,System.Boolean Floudy.API.Services.FileService::VerifyMetadata(System.Collections.Generic.Dictionary`2<System.String,System.Object>)
DA:27,148
DA:28,148
DA:29,148
DA:30,148
DA:31,148
DA:32,148
DA:33,148
DA:34,148
DA:35,148
DA:36,148
DA:37,148
DA:38,148
DA:39,148
DA:40,148
DA:41,148
DA:42,148
BRDA:28,2,0,146
BRDA:28,18,0,145
BRDA:28,41,0,144
BRDA:28,47,0,144
BRDA:28,67,0,143
BRDA:28,94,0,143
BRDA:28,112,0,140
BRDA:28,123,0,139
BRDA:28,146,0,137
BRDA:28,2,1,11
BRDA:28,18,1,11
BRDA:28,41,1,11
BRDA:28,47,1,11
BRDA:28,67,1,11
BRDA:28,94,1,11
BRDA:28,112,1,11
BRDA:28,123,1,11
BRDA:28,146,1,11
FN:43,System.Boolean Floudy.API.Services.FileService::VerifyMetadata(Floudy.API.Models.RawFileMetadata)
FNDA:7,System.Boolean Floudy.API.Services.FileService::VerifyMetadata(Floudy.API.Models.RawFileMetadata)
DA:44,7
FN:46,System.Boolean Floudy.API.Services.FileService::UploadFromMetadata(System.Collections.Generic.Dictionary`2<System.String,System.Object>)
FNDA:138,System.Boolean Floudy.API.Services.FileService::UploadFromMetadata(System.Collections.Generic.Dictionary`2<System.String,System.Object>)
DA:47,138
DA:48,142
DA:50,134
DA:51,134
DA:52,134
DA:53,134
DA:54,134
DA:55,134
DA:56,134
DA:57,134
DA:58,134
DA:60,134
DA:61,134
DA:62,138
BRDA:48,13,0,4
BRDA:48,13,1,134
BRDA:50,84,0,134
BRDA:50,84,1,0
FN:64,System.Boolean Floudy.API.Services.FileService::ModifyMetadata(System.Int64,Floudy.API.Models.RawFileMetadata)
FNDA:7,System.Boolean Floudy.API.Services.FileService::ModifyMetadata(System.Int64,Floudy.API.Models.RawFileMetadata)
DA:65,7
DA:66,11
DA:68,3
DA:69,3
DA:70,3
DA:71,3
DA:72,3
DA:73,3
DA:74,7
BRDA:66,13,0,5
BRDA:66,13,1,2
BRDA:66,30,0,4
BRDA:66,30,1,3
FN:76,System.Boolean Floudy.API.Services.FileService::DeleteFile(System.Int64)
FNDA:8,System.Boolean Floudy.API.Services.FileService::DeleteFile(System.Int64)
DA:77,8
DA:78,8
DA:79,13
DA:80,8
DA:81,8
BRDA:79,17,0,5
BRDA:79,17,1,8
FN:82,Floudy.API.Models.RawFile Floudy.API.Services.FileService::GetById(System.Int64)
FNDA:2,Floudy.API.Models.RawFile Floudy.API.Services.FileService::GetById(System.Int64)
DA:83,2
FN:85,System.Collections.Generic.IEnumerable`1<Floudy.API.Models.RawFile> Floudy.API.Services.FileService::GetPage(System.Int32)
FNDA:55,System.Collections.Generic.IEnumerable`1<Floudy.API.Models.RawFile> Floudy.API.Services.FileService::GetPage(System.Int32)
DA:86,55
BRDA:86,2,0,9
BRDA:86,2,1,4
FN:87,System.Int32 Floudy.API.Services.FileService::TotalPageCount()
FNDA:10,System.Int32 Floudy.API.Services.FileService::TotalPageCount()
DA:88,10
FN:89,System.Collections.Generic.IEnumerable`1<Floudy.API.Models.RawFile> Floudy.API.Services.FileService::GetRecent(System.Int32)
FNDA:26,System.Collections.Generic.IEnumerable`1<Floudy.API.Models.RawFile> Floudy.API.Services.FileService::GetRecent(System.Int32)
DA:90,26
FN:92,System.Collections.Generic.Dictionary`2<System.String,System.Int32> Floudy.API.Services.FileService::TypeStatistics()
FNDA:37,System.Collections.Generic.Dictionary`2<System.String,System.Int32> Floudy.API.Services.FileService::TypeStatistics()
DA:93,37
FN:95,System.Collections.Generic.Dictionary`2<System.DateTime,System.Int32> Floudy.API.Services.FileService::UploadStatistics()
FNDA:60,System.Collections.Generic.Dictionary`2<System.DateTime,System.Int32> Floudy.API.Services.FileService::UploadStatistics()
DA:96,60
FN:9,System.Void Floudy.API.Services.FileService::.ctor(Floudy.API.Storage.FileRepository)
FNDA:72,System.Void Floudy.API.Services.FileService::.ctor(Floudy.API.Storage.FileRepository)
DA:10,72
LF:62
LH:62
BRF:32
BRH:30
FNF:14
FNH:14
end_of_record
SF:C:\Users\marius\source\web\floudy_full\Floudy_API\Floudy_API\Services\LogService.cs
FN:8,System.Void Floudy.API.Services.LogService::LogAction(System.String,System.String,System.String,System.String,System.String)
FNDA:1,System.Void Floudy.API.Services.LogService::LogAction(System.String,System.String,System.String,System.String,System.String)
DA:9,1
DA:10,1
DA:11,1
DA:12,1
DA:13,1
DA:14,1
DA:15,1
DA:16,1
DA:17,1
DA:18,1
DA:20,1
DA:21,0
DA:22,0
FN:24,System.Void Floudy.API.Services.LogService::PrintLog(Floudy.API.Storage.Entities.LogEntryEntity)
FNDA:0,System.Void Floudy.API.Services.LogService::PrintLog(Floudy.API.Storage.Entities.LogEntryEntity)
DA:25,0
DA:26,0
DA:27,0
DA:28,0
DA:29,0
DA:30,0
DA:32,0
DA:33,0
DA:34,0
DA:36,0
DA:37,0
DA:38,0
DA:39,0
DA:40,0
DA:42,0
DA:43,0
DA:44,0
DA:45,0
DA:47,0
DA:48,0
DA:49,0
DA:50,0
BRDA:42,183,0,0
BRDA:42,183,1,0
FN:52,System.Void Floudy.API.Services.LogService::FlagSuspiciousUser(System.String,System.String,System.String)
FNDA:0,System.Void Floudy.API.Services.LogService::FlagSuspiciousUser(System.String,System.String,System.String)
DA:53,0
DA:54,0
DA:55,0
DA:56,0
DA:57,0
DA:58,0
DA:59,0
DA:60,0
DA:62,0
DA:64,0
DA:65,0
DA:66,0
DA:67,0
DA:68,0
DA:69,0
DA:70,0
DA:71,0
DA:72,0
DA:73,0
FN:74,System.Collections.Generic.IEnumerable`1<Floudy.API.Storage.Entities.LogEntryEntity> Floudy.API.Services.LogService::GetRecentLogs(System.Int32)
FNDA:0,System.Collections.Generic.IEnumerable`1<Floudy.API.Storage.Entities.LogEntryEntity> Floudy.API.Services.LogService::GetRecentLogs(System.Int32)
DA:75,0
FN:77,System.Collections.Generic.IEnumerable`1<Floudy.API.Storage.Entities.SuspiciousUserEntity> Floudy.API.Services.LogService::GetSuspiciousUsers()
FNDA:0,System.Collections.Generic.IEnumerable`1<Floudy.API.Storage.Entities.SuspiciousUserEntity> Floudy.API.Services.LogService::GetSuspiciousUsers()
DA:78,0
DA:79,0
DA:80,0
FN:5,System.Void Floudy.API.Services.LogService::.ctor(Floudy.API.Storage.LogRepository,Floudy.API.Services.UserService)
FNDA:22,System.Void Floudy.API.Services.LogService::.ctor(Floudy.API.Storage.LogRepository,Floudy.API.Services.UserService)
DA:6,22
LF:59
LH:12
BRF:2
BRH:0
FNF:6
FNH:2
end_of_record
SF:C:\Users\marius\source\web\floudy_full\Floudy_API\Floudy_API\Services\MaliciousDetectionService.cs
FN:36,System.Void Floudy.API.Services.MaliciousDetectionService::CheckBatchUpload(System.String,System.String,System.Int32,System.Collections.Generic.IEnumerable`1<System.String>,System.Collections.Generic.IEnumerable`1<System.Int64>)
FNDA:0,System.Void Floudy.API.Services.MaliciousDetectionService::CheckBatchUpload(System.String,System.String,System.Int32,System.Collections.Generic.IEnumerable`1<System.String>,System.Collections.Generic.IEnumerable`1<System.Int64>)
DA:37,0
DA:38,0
DA:39,0
DA:40,0
DA:41,0
DA:43,0
DA:44,0
DA:46,0
DA:47,0
DA:48,0
DA:49,0
DA:50,0
DA:52,0
DA:53,0
DA:54,0
DA:55,0
BRDA:38,8,0,0
BRDA:38,8,1,0
BRDA:46,368,1,0
BRDA:49,148,0,0
BRDA:49,148,1,0
BRDA:49,170,0,0
BRDA:49,170,1,0
BRDA:52,212,0,0
BRDA:52,212,1,0
BRDA:52,240,0,0
BRDA:52,240,1,0
BRDA:46,368,0,0
FN:57,System.Void Floudy.API.Services.MaliciousDetectionService::CheckChatMessage(System.String,System.String,System.String)
FNDA:0,System.Void Floudy.API.Services.MaliciousDetectionService::CheckChatMessage(System.String,System.String,System.String)
DA:58,0
DA:59,0
DA:60,0
DA:61,0
DA:62,0
DA:63,0
DA:64,0
DA:66,0
DA:67,0
BRDA:59,81,1,0
BRDA:61,33,0,0
BRDA:61,33,1,0
BRDA:61,49,0,0
BRDA:61,49,1,0
BRDA:59,81,0,0
FN:14,System.Void Floudy.API.Services.MaliciousDetectionService::.ctor(Floudy.API.Services.LogService)
FNDA:0,System.Void Floudy.API.Services.MaliciousDetectionService::.ctor(Floudy.API.Services.LogService)
DA:15,0
DA:16,0
DA:17,0
DA:19,0
DA:21,0
DA:22,0
DA:24,0
DA:25,0
DA:27,0
DA:28,0
DA:30,0
DA:31,0
DA:32,0
DA:33,0
DA:34,0
BRDA:22,44,0,0
BRDA:22,44,1,0
BRDA:25,108,0,0
BRDA:25,108,1,0
BRDA:27,154,0,0
BRDA:27,154,1,0
BRDA:30,232,0,0
BRDA:30,232,1,0
LF:40
LH:0
BRF:26
BRH:0
FNF:3
FNH:0
end_of_record
SF:C:\Users\marius\source\web\floudy_full\Floudy_API\Floudy_API\Services\UserService.cs
FN:8,Floudy.API.Storage.Entities.UserEntity Floudy.API.Services.UserService::GetByUsername(System.String)
FNDA:0,Floudy.API.Storage.Entities.UserEntity Floudy.API.Services.UserService::GetByUsername(System.String)
DA:9,0
DA:10,0
DA:11,0
FN:13,System.Collections.Generic.IEnumerable`1<Floudy.API.Storage.Entities.UserEntity> Floudy.API.Services.UserService::GetAllNonAdmins()
FNDA:0,System.Collections.Generic.IEnumerable`1<Floudy.API.Storage.Entities.UserEntity> Floudy.API.Services.UserService::GetAllNonAdmins()
DA:14,0
DA:15,0
DA:16,0
FN:18,System.Boolean Floudy.API.Services.UserService::UsernameExists(System.String)
FNDA:0,System.Boolean Floudy.API.Services.UserService::UsernameExists(System.String)
DA:19,0
DA:20,0
DA:21,0
FN:23,System.Void Floudy.API.Services.UserService::RegisterUser(Floudy.API.Storage.Entities.UserEntity)
FNDA:0,System.Void Floudy.API.Services.UserService::RegisterUser(Floudy.API.Storage.Entities.UserEntity)
DA:24,0
DA:25,0
DA:26,0
DA:27,0
BRDA:25,13,0,0
BRDA:25,13,1,0
FN:29,System.Void Floudy.API.Services.UserService::UpdateUser(Floudy.API.Storage.Entities.UserEntity)
FNDA:0,System.Void Floudy.API.Services.UserService::UpdateUser(Floudy.API.Storage.Entities.UserEntity)
DA:30,0
DA:31,0
DA:32,0
FN:33,Floudy.API.Storage.Entities.UserEntity Floudy.API.Services.UserService::GetById(System.Int64)
FNDA:0,Floudy.API.Storage.Entities.UserEntity Floudy.API.Services.UserService::GetById(System.Int64)
DA:34,0
FN:5,System.Void Floudy.API.Services.UserService::.ctor(Floudy.API.Storage.UserRepository)
FNDA:22,System.Void Floudy.API.Services.UserService::.ctor(Floudy.API.Storage.UserRepository)
DA:6,22
LF:18
LH:1
BRF:2
BRH:0
FNF:7
FNH:1
end_of_record
SF:C:\Users\marius\source\web\floudy_full\Floudy_API\Floudy_API\Models\LogRequest.cs
FN:4,System.String Floudy.API.Models.LogRequest::get_UserId()
FNDA:0,System.String Floudy.API.Models.LogRequest::get_UserId()
DA:5,0
FN:5,System.String Floudy.API.Models.LogRequest::get_Username()
FNDA:0,System.String Floudy.API.Models.LogRequest::get_Username()
DA:6,0
FN:6,System.String Floudy.API.Models.LogRequest::get_GroupName()
FNDA:0,System.String Floudy.API.Models.LogRequest::get_GroupName()
DA:7,0
FN:7,System.String Floudy.API.Models.LogRequest::get_Action()
FNDA:0,System.String Floudy.API.Models.LogRequest::get_Action()
DA:8,0
FN:8,System.String Floudy.API.Models.LogRequest::get_Description()
FNDA:0,System.String Floudy.API.Models.LogRequest::get_Description()
DA:9,0
FN:9,System.Nullable`1<System.Int32> Floudy.API.Models.LogRequest::get_FileCount()
FNDA:0,System.Nullable`1<System.Int32> Floudy.API.Models.LogRequest::get_FileCount()
DA:10,0
FN:10,System.String[] Floudy.API.Models.LogRequest::get_FileNames()
FNDA:0,System.String[] Floudy.API.Models.LogRequest::get_FileNames()
DA:11,0
FN:11,System.Int64[] Floudy.API.Models.LogRequest::get_FileSizes()
FNDA:0,System.Int64[] Floudy.API.Models.LogRequest::get_FileSizes()
DA:12,0
FN:2,System.Void Floudy.API.Models.LogRequest::.ctor(System.String,System.String,System.String,System.String,System.String,System.Nullable`1<System.Int32>,System.String[],System.Int64[])
FNDA:0,System.Void Floudy.API.Models.LogRequest::.ctor(System.String,System.String,System.String,System.String,System.String,System.Nullable`1<System.Int32>,System.String[],System.Int64[])
DA:3,0
DA:4,0
DA:13,0
LF:11
LH:0
BRF:0
BRH:0
FNF:9
FNH:0
end_of_record
SF:C:\Users\marius\source\web\floudy_full\Floudy_API\Floudy_API\Models\RawFile.cs
FN:2,System.String Floudy.API.Models.RawFileMetadata::get_Name()
FNDA:19,System.String Floudy.API.Models.RawFileMetadata::get_Name()
DA:3,19
FN:13,System.Int64 Floudy.API.Models.RawFile::get_ID()
FNDA:64,System.Int64 Floudy.API.Models.RawFile::get_ID()
DA:14,64
FN:15,System.String Floudy.API.Models.RawFile::get_Name()
FNDA:64,System.String Floudy.API.Models.RawFile::get_Name()
DA:16,64
FN:17,System.Int64 Floudy.API.Models.RawFile::get_ByteSize()
FNDA:64,System.Int64 Floudy.API.Models.RawFile::get_ByteSize()
DA:18,64
FN:19,System.String Floudy.API.Models.RawFile::get_Type()
FNDA:64,System.String Floudy.API.Models.RawFile::get_Type()
DA:20,64
FN:21,System.DateTime Floudy.API.Models.RawFile::get_UploadDate()
FNDA:64,System.DateTime Floudy.API.Models.RawFile::get_UploadDate()
DA:22,64
FN:23,System.Byte[] Floudy.API.Models.RawFile::get_Content()
FNDA:64,System.Byte[] Floudy.API.Models.RawFile::get_Content()
DA:24,64
FN:4,System.Void Floudy.API.Models.RawFile::.ctor(System.Int64,System.String,System.Int64,System.String,System.DateTime,System.Byte[])
FNDA:35,System.Void Floudy.API.Models.RawFile::.ctor(System.Int64,System.String,System.Int64,System.String,System.DateTime,System.Byte[])
DA:5,35
DA:6,35
DA:7,35
DA:8,35
DA:9,35
DA:10,35
DA:11,35
DA:12,35
LF:15
LH:15
BRF:0
BRH:0
FNF:8
FNH:8
end_of_record
SF:C:\Users\marius\source\web\floudy_full\Floudy_API\Floudy_API\Controllers\AdminController.cs
FN:14,Microsoft.AspNetCore.Mvc.IActionResult Floudy.API.Controllers.AdminController::GetAllUsers()
FNDA:0,Microsoft.AspNetCore.Mvc.IActionResult Floudy.API.Controllers.AdminController::GetAllUsers()
DA:15,0
DA:16,0
DA:17,0
DA:18,0
DA:19,0
DA:20,0
DA:21,0
DA:22,0
DA:24,0
DA:25,0
FN:62,Microsoft.AspNetCore.Mvc.IActionResult Floudy.API.Controllers.AdminController::UnblockUser(System.Int64,System.String,System.String)
FNDA:0,Microsoft.AspNetCore.Mvc.IActionResult Floudy.API.Controllers.AdminController::UnblockUser(System.Int64,System.String,System.String)
DA:63,0
DA:64,0
DA:65,0
DA:67,0
DA:68,0
DA:70,0
DA:72,0
DA:73,0
BRDA:65,20,0,0
BRDA:65,20,1,0
BRDA:70,63,0,0
BRDA:70,63,1,0
BRDA:70,73,0,0
BRDA:70,73,1,0
FN:10,System.Void Floudy.API.Controllers.AdminController::.ctor(Floudy.API.Services.UserService,Microsoft.AspNetCore.SignalR.IHubContext`1<Floudy.API.Utility.FloudyHub>,Floudy.API.Services.LogService)
FNDA:0,System.Void Floudy.API.Controllers.AdminController::.ctor(Floudy.API.Services.UserService,Microsoft.AspNetCore.SignalR.IHubContext`1<Floudy.API.Utility.FloudyHub>,Floudy.API.Services.LogService)
DA:11,0
FN:47,System.Void Floudy.API.Controllers.AdminController/<BlockUser>d__6::MoveNext()
FNDA:0,System.Void Floudy.API.Controllers.AdminController/<BlockUser>d__6::MoveNext()
DA:48,0
DA:49,0
DA:50,0
DA:52,0
DA:53,0
DA:55,0
DA:57,0
DA:58,0
DA:59,0
BRDA:50,57,0,0
BRDA:50,57,1,0
BRDA:55,130,0,0
BRDA:55,130,1,0
BRDA:55,145,0,0
BRDA:55,145,1,0
FN:28,System.Void Floudy.API.Controllers.AdminController/<RenameUser>d__5::MoveNext()
FNDA:0,System.Void Floudy.API.Controllers.AdminController/<RenameUser>d__5::MoveNext()
DA:29,0
DA:30,0
DA:32,0
DA:33,0
DA:34,0
DA:36,0
DA:37,0
DA:39,0
DA:41,0
DA:43,0
DA:44,0
BRDA:30,42,0,0
BRDA:30,42,1,0
BRDA:33,105,0,0
BRDA:33,105,1,0
BRDA:39,200,0,0
BRDA:39,200,1,0
BRDA:39,215,0,0
BRDA:39,215,1,0
LF:39
LH:0
BRF:20
BRH:0
FNF:5
FNH:0
end_of_record
SF:C:\Users\marius\source\web\floudy_full\Floudy_API\Floudy_API\Controllers\AuthController.cs
FN:12,Microsoft.AspNetCore.Mvc.IActionResult Floudy.API.Controllers.AuthController::Login(Floudy.API.Controllers.LoginRequest)
FNDA:0,Microsoft.AspNetCore.Mvc.IActionResult Floudy.API.Controllers.AuthController::Login(Floudy.API.Controllers.LoginRequest)
DA:13,0
DA:14,0
DA:15,0
DA:16,0
DA:18,0
DA:20,0
DA:21,0
DA:22,0
DA:23,0
DA:24,0
DA:25,0
DA:26,0
DA:27,0
BRDA:15,20,0,0
BRDA:15,20,1,0
BRDA:15,44,0,0
BRDA:15,44,1,0
BRDA:16,71,0,0
BRDA:16,71,1,0
FN:30,Microsoft.AspNetCore.Mvc.IActionResult Floudy.API.Controllers.AuthController::Register(Floudy.API.Controllers.RegisterRequest)
FNDA:0,Microsoft.AspNetCore.Mvc.IActionResult Floudy.API.Controllers.AuthController::Register(Floudy.API.Controllers.RegisterRequest)
DA:31,0
DA:32,0
DA:34,0
DA:35,0
DA:36,0
DA:37,0
DA:38,0
DA:39,0
DA:40,0
DA:42,0
DA:43,0
DA:44,0
BRDA:32,20,0,0
BRDA:32,20,1,0
FN:47,Microsoft.AspNetCore.Mvc.IActionResult Floudy.API.Controllers.AuthController::CheckUsername(System.String)
FNDA:0,Microsoft.AspNetCore.Mvc.IActionResult Floudy.API.Controllers.AuthController::CheckUsername(System.String)
DA:48,0
DA:49,0
DA:50,0
FN:8,System.Void Floudy.API.Controllers.AuthController::.ctor(Floudy.API.Services.UserService,Floudy.API.Services.LogService)
FNDA:0,System.Void Floudy.API.Controllers.AuthController::.ctor(Floudy.API.Services.UserService,Floudy.API.Services.LogService)
DA:9,0
FN:52,System.String Floudy.API.Controllers.LoginRequest::get_Username()
FNDA:0,System.String Floudy.API.Controllers.LoginRequest::get_Username()
DA:53,0
FN:53,System.String Floudy.API.Controllers.RegisterRequest::get_Username()
FNDA:0,System.String Floudy.API.Controllers.RegisterRequest::get_Username()
DA:54,0
LF:31
LH:0
BRF:8
BRH:0
FNF:6
FNH:0
end_of_record
SF:C:\Users\marius\source\web\floudy_full\Floudy_API\Floudy_API\Controllers\ChatController.cs
FN:11,Microsoft.AspNetCore.Mvc.IActionResult Floudy.API.Controllers.ChatController::GetMessages(System.Int32)
FNDA:0,Microsoft.AspNetCore.Mvc.IActionResult Floudy.API.Controllers.ChatController::GetMessages(System.Int32)
DA:12,0
DA:13,0
DA:14,0
DA:15,0
DA:16,0
DA:17,0
DA:18,0
DA:19,0
DA:21,0
DA:22,0
FN:7,System.Void Floudy.API.Controllers.ChatController::.ctor(Floudy.API.Services.ChatService)
FNDA:0,System.Void Floudy.API.Controllers.ChatController::.ctor(Floudy.API.Services.ChatService)
DA:8,0
LF:11
LH:0
BRF:0
BRH:0
FNF:2
FNH:0
end_of_record
SF:C:\Users\marius\source\web\floudy_full\Floudy_API\Floudy_API\Controllers\FileController.cs
FN:16,Microsoft.AspNetCore.Mvc.IActionResult Floudy.API.Controllers.FileController::GetPage(System.Int32)
FNDA:7,Microsoft.AspNetCore.Mvc.IActionResult Floudy.API.Controllers.FileController::GetPage(System.Int32)
DA:17,7
DA:18,22
DA:19,22
DA:20,22
DA:21,22
DA:22,22
DA:23,22
DA:24,22
DA:25,22
DA:26,22
DA:28,7
DA:29,7
DA:30,7
DA:31,7
DA:32,7
DA:33,7
FN:36,Microsoft.AspNetCore.Mvc.IActionResult Floudy.API.Controllers.FileController::GetRecent(System.Int32)
FNDA:4,Microsoft.AspNetCore.Mvc.IActionResult Floudy.API.Controllers.FileController::GetRecent(System.Int32)
DA:37,4
DA:38,18
DA:39,18
DA:40,18
DA:41,18
DA:42,18
DA:43,18
DA:44,18
DA:45,18
DA:46,18
DA:48,4
DA:49,4
FN:10,System.Void Floudy.API.Controllers.FileController::.ctor(Floudy.API.Services.FileService,Microsoft.AspNetCore.SignalR.IHubContext`1<Floudy.API.Utility.FloudyHub>,Floudy.API.Services.LogService)
FNDA:23,System.Void Floudy.API.Controllers.FileController::.ctor(Floudy.API.Services.FileService,Microsoft.AspNetCore.SignalR.IHubContext`1<Floudy.API.Utility.FloudyHub>,Floudy.API.Services.LogService)
DA:11,23
DA:13,23
FN:84,System.Void Floudy.API.Controllers.FileController/<Delete>d__8::MoveNext()
FNDA:4,System.Void Floudy.API.Controllers.FileController/<Delete>d__8::MoveNext()
DA:85,4
DA:86,4
DA:87,2
DA:88,2
DA:90,0
DA:91,0
DA:93,2
DA:94,2
BRDA:86,42,0,2
BRDA:88,66,0,2
BRDA:88,66,1,2
BRDA:88,81,0,2
BRDA:88,81,1,2
BRDA:88,96,0,2
BRDA:88,96,1,2
BRDA:90,237,0,0
BRDA:90,237,1,0
BRDA:86,42,1,2
FN:52,System.Void Floudy.API.Controllers.FileController/<Post>d__6::MoveNext()
FNDA:5,System.Void Floudy.API.Controllers.FileController/<Post>d__6::MoveNext()
DA:53,5
DA:54,5
DA:55,5
DA:57,5
DA:58,5
DA:59,5
DA:61,8
DA:63,2
DA:64,0
DA:66,2
DA:67,5
BRDA:58,92,0,0
BRDA:58,92,1,5
BRDA:61,253,0,3
BRDA:61,253,1,2
BRDA:63,295,0,0
BRDA:63,295,1,2
FN:70,System.Void Floudy.API.Controllers.FileController/<Put>d__7::MoveNext()
FNDA:3,System.Void Floudy.API.Controllers.FileController/<Put>d__7::MoveNext()
DA:71,3
DA:72,3
DA:73,1
DA:74,1
DA:76,0
DA:77,0
DA:78,0
DA:80,2
DA:81,2
BRDA:72,53,0,1
BRDA:74,77,0,1
BRDA:74,77,1,1
BRDA:74,92,0,1
BRDA:74,92,1,1
BRDA:74,107,0,1
BRDA:74,107,1,1
BRDA:76,227,0,0
BRDA:76,227,1,0
BRDA:72,53,1,2
LF:58
LH:52
BRF:26
BRH:20
FNF:6
FNH:6
end_of_record
SF:C:\Users\marius\source\web\floudy_full\Floudy_API\Floudy_API\Controllers\LogController.cs
FN:11,Microsoft.AspNetCore.Mvc.IActionResult Floudy.API.Controllers.LogController::Log(Floudy.API.Controllers.LogRequest)
FNDA:0,Microsoft.AspNetCore.Mvc.IActionResult Floudy.API.Controllers.LogController::Log(Floudy.API.Controllers.LogRequest)
DA:12,0
DA:13,0
DA:15,0
DA:16,0
DA:17,0
DA:18,0
DA:19,0
DA:20,0
DA:21,0
DA:22,0
DA:23,0
DA:24,0
DA:26,0
DA:27,0
BRDA:15,61,0,0
BRDA:17,103,0,0
BRDA:17,103,1,0
BRDA:17,118,0,0
BRDA:17,118,1,0
BRDA:15,61,1,0
FN:30,Microsoft.AspNetCore.Mvc.IActionResult Floudy.API.Controllers.LogController::GetSuspiciousUsers()
FNDA:0,Microsoft.AspNetCore.Mvc.IActionResult Floudy.API.Controllers.LogController::GetSuspiciousUsers()
DA:31,0
DA:32,0
DA:33,0
DA:34,0
DA:35,0
DA:36,0
DA:37,0
DA:38,0
DA:39,0
DA:41,0
DA:42,0
FN:7,System.Void Floudy.API.Controllers.LogController::.ctor(Floudy.API.Services.LogService,Floudy.API.Services.MaliciousDetectionService)
FNDA:0,System.Void Floudy.API.Controllers.LogController::.ctor(Floudy.API.Services.LogService,Floudy.API.Services.MaliciousDetectionService)
DA:8,0
FN:45,System.String Floudy.API.Controllers.LogRequest::get_UserId()
FNDA:0,System.String Floudy.API.Controllers.LogRequest::get_UserId()
DA:46,0
FN:46,System.String Floudy.API.Controllers.LogRequest::get_Username()
FNDA:0,System.String Floudy.API.Controllers.LogRequest::get_Username()
DA:47,0
FN:47,System.String Floudy.API.Controllers.LogRequest::get_GroupName()
FNDA:0,System.String Floudy.API.Controllers.LogRequest::get_GroupName()
DA:48,0
FN:48,System.String Floudy.API.Controllers.LogRequest::get_Action()
FNDA:0,System.String Floudy.API.Controllers.LogRequest::get_Action()
DA:49,0
FN:49,System.String Floudy.API.Controllers.LogRequest::get_Description()
FNDA:0,System.String Floudy.API.Controllers.LogRequest::get_Description()
DA:50,0
FN:50,System.Nullable`1<System.Int32> Floudy.API.Controllers.LogRequest::get_FileCount()
FNDA:0,System.Nullable`1<System.Int32> Floudy.API.Controllers.LogRequest::get_FileCount()
DA:51,0
FN:51,System.String[] Floudy.API.Controllers.LogRequest::get_FileNames()
FNDA:0,System.String[] Floudy.API.Controllers.LogRequest::get_FileNames()
DA:52,0
FN:52,System.Int64[] Floudy.API.Controllers.LogRequest::get_FileSizes()
FNDA:0,System.Int64[] Floudy.API.Controllers.LogRequest::get_FileSizes()
DA:53,0
FN:44,System.Void Floudy.API.Controllers.LogRequest::.ctor(System.String,System.String,System.String,System.String,System.String,System.Nullable`1<System.Int32>,System.String[],System.Int64[])
FNDA:0,System.Void Floudy.API.Controllers.LogRequest::.ctor(System.String,System.String,System.String,System.String,System.String,System.Nullable`1<System.Int32>,System.String[],System.Int64[])
DA:45,0
DA:54,0
LF:36
LH:0
BRF:6
BRH:0
FNF:12
FNH:0
end_of_record
SF:C:\Users\marius\source\web\floudy_full\Floudy_API\Floudy_API\Controllers\StatsController.cs
FN:15,Microsoft.AspNetCore.Mvc.IActionResult Floudy.API.Controllers.StatsController::GetByType(System.Int32)
FNDA:4,Microsoft.AspNetCore.Mvc.IActionResult Floudy.API.Controllers.StatsController::GetByType(System.Int32)
DA:16,4
DA:17,9
DA:18,9
DA:19,9
DA:20,9
DA:21,9
DA:23,4
DA:24,4
FN:27,Microsoft.AspNetCore.Mvc.IActionResult Floudy.API.Controllers.StatsController::GetByUpload(System.Int32)
FNDA:5,Microsoft.AspNetCore.Mvc.IActionResult Floudy.API.Controllers.StatsController::GetByUpload(System.Int32)
DA:28,5
DA:29,11
DA:30,11
DA:31,11
DA:32,11
DA:33,11
DA:35,5
DA:36,5
FN:9,System.Void Floudy.API.Controllers.StatsController::.ctor(Floudy.API.Services.FileService)
FNDA:9,System.Void Floudy.API.Controllers.StatsController::.ctor(Floudy.API.Services.FileService)
DA:10,9
DA:12,9
LF:18
LH:18
BRF:0
BRH:0
FNF:3
FNH:3
end_of_record